{"numTotalTestSuites":163,"numPassedTestSuites":163,"numFailedTestSuites":0,"numPendingTestSuites":0,"numTotalTests":408,"numPassedTests":408,"numFailedTests":0,"numPendingTests":0,"numTodoTests":0,"snapshot":{"added":0,"failure":false,"filesAdded":0,"filesRemoved":0,"filesRemovedList":[],"filesUnmatched":0,"filesUpdated":0,"matched":0,"total":0,"unchecked":0,"uncheckedKeysByFile":[],"unmatched":0,"updated":0,"didUpdate":false},"startTime":1782176779176,"success":true,"testResults":[{"assertionResults":[{"ancestorTitles":["YrYHtml.sanitize — 白名单标签"],"fullName":"YrYHtml.sanitize — 白名单标签 保留格式化标签(p/strong/em/code)","status":"passed","title":"保留格式化标签(p/strong/em/code)","duration":4.089999999999691,"failureMessages":[],"meta":{}},{"ancestorTitles":["YrYHtml.sanitize — 白名单标签"],"fullName":"YrYHtml.sanitize — 白名单标签 保留列表标签(ul/ol/li)","status":"passed","title":"保留列表标签(ul/ol/li)","duration":0.679540999999972,"failureMessages":[],"meta":{}},{"ancestorTitles":["YrYHtml.sanitize — 白名单标签"],"fullName":"YrYHtml.sanitize — 白名单标签 保留标题标签(h1-h6)","status":"passed","title":"保留标题标签(h1-h6)","duration":0.4374580000003334,"failureMessages":[],"meta":{}},{"ancestorTitles":["YrYHtml.sanitize — 白名单标签"],"fullName":"YrYHtml.sanitize — 白名单标签 保留链接(a)及 href","status":"passed","title":"保留链接(a)及 href","duration":0.8209580000002461,"failureMessages":[],"meta":{}},{"ancestorTitles":["YrYHtml.sanitize — 危险标签移除"],"fullName":"YrYHtml.sanitize — 危险标签移除 移除 <script> 及其内容","status":"passed","title":"移除 <script> 及其内容","duration":0.5602090000002136,"failureMessages":[],"meta":{}},{"ancestorTitles":["YrYHtml.sanitize — 危险标签移除"],"fullName":"YrYHtml.sanitize — 危险标签移除 移除 <iframe>","status":"passed","title":"移除 <iframe>","duration":8.097125000000233,"failureMessages":[],"meta":{}},{"ancestorTitles":["YrYHtml.sanitize — 危险标签移除"],"fullName":"YrYHtml.sanitize — 危险标签移除 移除 <object> 和 <embed>","status":"passed","title":"移除 <object> 和 <embed>","duration":0.6748750000001564,"failureMessages":[],"meta":{}},{"ancestorTitles":["YrYHtml.sanitize — 危险标签移除"],"fullName":"YrYHtml.sanitize — 危险标签移除 移除 <style> 标签","status":"passed","title":"移除 <style> 标签","duration":0.36487499999975626,"failureMessages":[],"meta":{}},{"ancestorTitles":["YrYHtml.sanitize — 事件属性移除"],"fullName":"YrYHtml.sanitize — 事件属性移除 移除 onclick","status":"passed","title":"移除 onclick","duration":0.5825420000001031,"failureMessages":[],"meta":{}},{"ancestorTitles":["YrYHtml.sanitize — 事件属性移除"],"fullName":"YrYHtml.sanitize — 事件属性移除 移除 onerror onload onmouseover","status":"passed","title":"移除 onerror onload onmouseover","duration":0.5492500000000291,"failureMessages":[],"meta":{}},{"ancestorTitles":["YrYHtml.sanitize — 事件属性移除"],"fullName":"YrYHtml.sanitize — 事件属性移除 移除所有 on* 前缀属性(大小写不敏感)","status":"passed","title":"移除所有 on* 前缀属性(大小写不敏感)","duration":0.41783299999997325,"failureMessages":[],"meta":{}},{"ancestorTitles":["YrYHtml.sanitize — 危险协议过滤"],"fullName":"YrYHtml.sanitize — 危险协议过滤 过滤 javascript: 协议","status":"passed","title":"过滤 javascript: 协议","duration":0.2978330000000824,"failureMessages":[],"meta":{}},{"ancestorTitles":["YrYHtml.sanitize — 危险协议过滤"],"fullName":"YrYHtml.sanitize — 危险协议过滤 过滤 vbscript: 协议","status":"passed","title":"过滤 vbscript: 协议","duration":0.24474999999983993,"failureMessages":[],"meta":{}},{"ancestorTitles":["YrYHtml.sanitize — 危险协议过滤"],"fullName":"YrYHtml.sanitize — 危险协议过滤 过滤 data: 协议(防 HTML 注入)","status":"passed","title":"过滤 data: 协议(防 HTML 注入)","duration":0.21262500000011642,"failureMessages":[],"meta":{}},{"ancestorTitles":["YrYHtml.sanitize — 危险协议过滤"],"fullName":"YrYHtml.sanitize — 危险协议过滤 保留 http/https 协议","status":"passed","title":"保留 http/https 协议","duration":0.14708299999983865,"failureMessages":[],"meta":{}},{"ancestorTitles":["YrYHtml.sanitize — 危险协议过滤"],"fullName":"YrYHtml.sanitize — 危险协议过滤 保留 mailto: 和 tel: 协议","status":"passed","title":"保留 mailto: 和 tel: 协议","duration":0.22120799999993324,"failureMessages":[],"meta":{}},{"ancestorTitles":["YrYHtml.sanitize — 危险协议过滤"],"fullName":"YrYHtml.sanitize — 危险协议过滤 保留锚点(#)","status":"passed","title":"保留锚点(#)","duration":0.11762499999986176,"failureMessages":[],"meta":{}},{"ancestorTitles":["YrYHtml.sanitize — 边界情况"],"fullName":"YrYHtml.sanitize — 边界情况 空字符串返回空","status":"passed","title":"空字符串返回空","duration":0.10545799999999872,"failureMessages":[],"meta":{}},{"ancestorTitles":["YrYHtml.sanitize — 边界情况"],"fullName":"YrYHtml.sanitize — 边界情况 null 返回空","status":"passed","title":"null 返回空","duration":0.03458299999965675,"failureMessages":[],"meta":{}},{"ancestorTitles":["YrYHtml.sanitize — 边界情况"],"fullName":"YrYHtml.sanitize — 边界情况 undefined 返回空","status":"passed","title":"undefined 返回空","duration":0.03137499999957072,"failureMessages":[],"meta":{}},{"ancestorTitles":["YrYHtml.sanitize — 边界情况"],"fullName":"YrYHtml.sanitize — 边界情况 纯文本无标签保留","status":"passed","title":"纯文本无标签保留","duration":0.612999999999829,"failureMessages":[],"meta":{}},{"ancestorTitles":["YrYHtml.sanitize — 边界情况"],"fullName":"YrYHtml.sanitize — 边界情况 保留 class 属性","status":"passed","title":"保留 class 属性","duration":0.5119580000000497,"failureMessages":[],"meta":{}},{"ancestorTitles":["YrYHtml.sanitize — 边界情况"],"fullName":"YrYHtml.sanitize — 边界情况 移除未在白名单的属性(如 tabindex)","status":"passed","title":"移除未在白名单的属性(如 tabindex)","duration":0.2106669999998303,"failureMessages":[],"meta":{}},{"ancestorTitles":["YrYHtml — 导出 API"],"fullName":"YrYHtml — 导出 API 导出 sanitize 函数","status":"passed","title":"导出 sanitize 函数","duration":0.050666999999975815,"failureMessages":[],"meta":{}},{"ancestorTitles":["YrYHtml — 导出 API"],"fullName":"YrYHtml — 导出 API 导出 ALLOWED_TAGS 白名单","status":"passed","title":"导出 ALLOWED_TAGS 白名单","duration":0.09316600000011022,"failureMessages":[],"meta":{}},{"ancestorTitles":["YrYHtml — 导出 API"],"fullName":"YrYHtml — 导出 API 导出 ALLOWED_ATTRS 白名单","status":"passed","title":"导出 ALLOWED_ATTRS 白名单","duration":0.06654100000014296,"failureMessages":[],"meta":{}}],"startTime":1782176810529,"endTime":1782176810549.2107,"status":"passed","message":"","name":"/Users/ruiyi/Yi/YrY/cdn/tests/html-sanitize.test.mjs"},{"assertionResults":[{"ancestorTitles":["YrYVueCE.kebabCase — PascalCase → kebab-case"],"fullName":"YrYVueCE.kebabCase — PascalCase → kebab-case YryStoryCard → yry-story-card","status":"passed","title":"YryStoryCard → yry-story-card","duration":1.7486250000001746,"failureMessages":[],"meta":{}},{"ancestorTitles":["YrYVueCE.kebabCase — PascalCase → kebab-case"],"fullName":"YrYVueCE.kebabCase — PascalCase → kebab-case YryCmdHead → yry-cmd-head","status":"passed","title":"YryCmdHead → yry-cmd-head","duration":0.14904200000000856,"failureMessages":[],"meta":{}},{"ancestorTitles":["YrYVueCE.kebabCase — PascalCase → kebab-case"],"fullName":"YrYVueCE.kebabCase — PascalCase → kebab-case YryChecklistHead → yry-checklist-head","status":"passed","title":"YryChecklistHead → yry-checklist-head","duration":0.06754200000023047,"failureMessages":[],"meta":{}},{"ancestorTitles":["YrYVueCE.kebabCase — PascalCase → kebab-case"],"fullName":"YrYVueCE.kebabCase — PascalCase → kebab-case 单字母前缀 Yry → yry","status":"passed","title":"单字母前缀 Yry → yry","duration":0.0628750000000764,"failureMessages":[],"meta":{}},{"ancestorTitles":["YrYVueCE.define — 参数校验"],"fullName":"YrYVueCE.define — 参数校验 缺 options 抛 TypeError","status":"passed","title":"缺 options 抛 TypeError","duration":0.7039589999999407,"failureMessages":[],"meta":{}},{"ancestorTitles":["YrYVueCE.define — 参数校验"],"fullName":"YrYVueCE.define — 参数校验 options 为非对象抛 TypeError","status":"passed","title":"options 为非对象抛 TypeError","duration":0.11991599999964819,"failureMessages":[],"meta":{}},{"ancestorTitles":["YrYVueCE.define — 参数校验"],"fullName":"YrYVueCE.define — 参数校验 缺 componentName 抛 TypeError","status":"passed","title":"缺 componentName 抛 TypeError","duration":0.10950000000002547,"failureMessages":[],"meta":{}},{"ancestorTitles":["YrYVueCE.define — 参数校验"],"fullName":"YrYVueCE.define — 参数校验 缺 templateId 抛 TypeError","status":"passed","title":"缺 templateId 抛 TypeError","duration":0.09258299999964947,"failureMessages":[],"meta":{}},{"ancestorTitles":["YrYVueCE.define — 参数校验"],"fullName":"YrYVueCE.define — 参数校验 缺 buildComponent 抛 TypeError","status":"passed","title":"缺 buildComponent 抛 TypeError","duration":0.09445800000003146,"failureMessages":[],"meta":{}},{"ancestorTitles":["YrYVueCE.define — 参数校验"],"fullName":"YrYVueCE.define — 参数校验 componentName 非字符串抛 TypeError","status":"passed","title":"componentName 非字符串抛 TypeError","duration":31.95400000000018,"failureMessages":[],"meta":{}},{"ancestorTitles":["YrYVueCE.define — 安全降级"],"fullName":"YrYVueCE.define — 安全降级 Vue 未加载时 warn 但不抛错","status":"passed","title":"Vue 未加载时 warn 但不抛错","duration":34.917041000000154,"failureMessages":[],"meta":{}},{"ancestorTitles":["YrYVueCE.define — 安全降级"],"fullName":"YrYVueCE.define — 安全降级 document.currentScript 缺失时 warn 但不抛错","status":"passed","title":"document.currentScript 缺失时 warn 但不抛错","duration":21.051832999999988,"failureMessages":[],"meta":{}},{"ancestorTitles":["YrYVueCE.define — 完整流程"],"fullName":"YrYVueCE.define — 完整流程 fetch 模板 HTML → DOMParser 提取 → 注册 custom element","status":"passed","title":"fetch 模板 HTML → DOMParser 提取 → 注册 custom element","duration":55.460959,"failureMessages":[],"meta":{}},{"ancestorTitles":["YrYVueCE.define — 完整流程"],"fullName":"YrYVueCE.define — 完整流程 注册成功后派发 ready 事件","status":"passed","title":"注册成功后派发 ready 事件","duration":56.99345900000026,"failureMessages":[],"meta":{}},{"ancestorTitles":["YrYVueCE.define — 完整流程"],"fullName":"YrYVueCE.define — 完整流程 将组件工厂挂到 window 全局","status":"passed","title":"将组件工厂挂到 window 全局","duration":55.11616600000025,"failureMessages":[],"meta":{}},{"ancestorTitles":["YrYVueCE.define — 完整流程"],"fullName":"YrYVueCE.define — 完整流程 模板未找到时记录 error 不抛错","status":"passed","title":"模板未找到时记录 error 不抛错","duration":58.06083400000034,"failureMessages":[],"meta":{}},{"ancestorTitles":["YrYVueCE.define — 完整流程"],"fullName":"YrYVueCE.define — 完整流程 fetch 失败时记录 error 不抛错","status":"passed","title":"fetch 失败时记录 error 不抛错","duration":114.0915829999999,"failureMessages":[],"meta":{}},{"ancestorTitles":["YrYVueCE — 导出 API"],"fullName":"YrYVueCE — 导出 API 导出 define 函数","status":"passed","title":"导出 define 函数","duration":98.93045900000016,"failureMessages":[],"meta":{}},{"ancestorTitles":["YrYVueCE — 导出 API"],"fullName":"YrYVueCE — 导出 API 导出 kebabCase 函数","status":"passed","title":"导出 kebabCase 函数","duration":108.91333300000042,"failureMessages":[],"meta":{}}],"startTime":1782176781640,"endTime":1782176782291.9133,"status":"passed","message":"","name":"/Users/ruiyi/Yi/YrY/cdn/tests/vue-ce-loader.test.mjs"},{"assertionResults":[{"ancestorTitles":["YryBreadcrumb — 渲染"],"fullName":"YryBreadcrumb — 渲染 render 单项面包屑","status":"passed","title":"render 单项面包屑","duration":33.67254200000025,"failureMessages":[],"meta":{}},{"ancestorTitles":["YryBreadcrumb — 渲染"],"fullName":"YryBreadcrumb — 渲染 render 多项面包屑","status":"passed","title":"render 多项面包屑","duration":4.858249999999316,"failureMessages":[],"meta":{}},{"ancestorTitles":["YryBreadcrumb — 渲染"],"fullName":"YryBreadcrumb — 渲染 有 href 的项渲染为 <a>","status":"passed","title":"有 href 的项渲染为 <a>","duration":23.01550000000043,"failureMessages":[],"meta":{}},{"ancestorTitles":["YryBreadcrumb — 渲染"],"fullName":"YryBreadcrumb — 渲染 无 href 的项渲染为 span(当前页)","status":"passed","title":"无 href 的项渲染为 span(当前页)","duration":1.544625000000451,"failureMessages":[],"meta":{}},{"ancestorTitles":["YryBreadcrumb — 渲染"],"fullName":"YryBreadcrumb — 渲染 ariaLabel 默认 \"面包屑导航\"","status":"passed","title":"ariaLabel 默认 \"面包屑导航\"","duration":0.6932090000000244,"failureMessages":[],"meta":{}},{"ancestorTitles":["YryBreadcrumb — 渲染"],"fullName":"YryBreadcrumb — 渲染 separator 默认 \"/\"","status":"passed","title":"separator 默认 \"/\"","duration":0.45575000000008004,"failureMessages":[],"meta":{}},{"ancestorTitles":["YryBreadcrumb — 渲染"],"fullName":"YryBreadcrumb — 渲染 icon 渲染","status":"passed","title":"icon 渲染","duration":0.7342089999992822,"failureMessages":[],"meta":{}}],"startTime":1782176794305,"endTime":1782176794369.7341,"status":"passed","message":"","name":"/Users/ruiyi/Yi/YrY/cdn/tests/yry-breadcrumb.test.mjs"},{"assertionResults":[{"ancestorTitles":["YryCardGrid — 渲染"],"fullName":"YryCardGrid — 渲染 空 items 渲染空","status":"passed","title":"空 items 渲染空","duration":25.4340830000001,"failureMessages":[],"meta":{}},{"ancestorTitles":["YryCardGrid — 渲染"],"fullName":"YryCardGrid — 渲染 render 单项","status":"passed","title":"render 单项","duration":4.892624999999953,"failureMessages":[],"meta":{}},{"ancestorTitles":["YryCardGrid — 渲染"],"fullName":"YryCardGrid — 渲染 render 多项","status":"passed","title":"render 多项","duration":2.219000000000051,"failureMessages":[],"meta":{}},{"ancestorTitles":["YryCardGrid — 渲染"],"fullName":"YryCardGrid — 渲染 默认 items 为空数组","status":"passed","title":"默认 items 为空数组","duration":1.0684999999998581,"failureMessages":[],"meta":{}}],"startTime":1782176789394,"endTime":1782176789428.0686,"status":"passed","message":"","name":"/Users/ruiyi/Yi/YrY/cdn/tests/yry-card-grid.test.mjs"},{"assertionResults":[{"ancestorTitles":["YryCardReport — 模块导出"],"fullName":"YryCardReport — 模块导出 暴露 window.YryCardReport.open 和 close","status":"passed","title":"暴露 window.YryCardReport.open 和 close","duration":8.079457999999704,"failureMessages":[],"meta":{}},{"ancestorTitles":["YryCardReport — 模块导出"],"fullName":"YryCardReport — 模块导出 触发 yry-card-report-ready 事件","status":"passed","title":"触发 yry-card-report-ready 事件","duration":4.125583000000006,"failureMessages":[],"meta":{}},{"ancestorTitles":["YryCardReport.open — item-card"],"fullName":"YryCardReport.open — item-card 打开后注入模态框到 body","status":"passed","title":"打开后注入模态框到 body","duration":103.65545800000018,"failureMessages":[],"meta":{}},{"ancestorTitles":["YryCardReport.open — item-card"],"fullName":"YryCardReport.open — item-card 标题显示卡片名称","status":"passed","title":"标题显示卡片名称","duration":3.93487499999992,"failureMessages":[],"meta":{}},{"ancestorTitles":["YryCardReport.open — item-card"],"fullName":"YryCardReport.open — item-card 类型标签显示\"组件\"","status":"passed","title":"类型标签显示\"组件\"","duration":4.6807080000003225,"failureMessages":[],"meta":{}},{"ancestorTitles":["YryCardReport.open — item-card"],"fullName":"YryCardReport.open — item-card 描述段展示卡片 desc","status":"passed","title":"描述段展示卡片 desc","duration":12.571415999999772,"failureMessages":[],"meta":{}},{"ancestorTitles":["YryCardReport.open — item-card"],"fullName":"YryCardReport.open — item-card 三档评分块渲染 (3 个 .ydb-report-score)","status":"passed","title":"三档评分块渲染 (3 个 .ydb-report-score)","duration":10.344457999999577,"failureMessages":[],"meta":{}},{"ancestorTitles":["YryCardReport.open — item-card"],"fullName":"YryCardReport.open — item-card 综合分析段包含卡片名","status":"passed","title":"综合分析段包含卡片名","duration":3.668333000000075,"failureMessages":[],"meta":{}},{"ancestorTitles":["YryCardReport.open — item-card"],"fullName":"YryCardReport.open — item-card 低分维度(测试 60)生成测试建议","status":"passed","title":"低分维度(测试 60)生成测试建议","duration":2.3967499999998836,"failureMessages":[],"meta":{}},{"ancestorTitles":["YryCardReport.open — story-card"],"fullName":"YryCardReport.open — story-card 类型标签显示\"故事\"","status":"passed","title":"类型标签显示\"故事\"","duration":6.210000000000036,"failureMessages":[],"meta":{}},{"ancestorTitles":["YryCardReport.open — story-card"],"fullName":"YryCardReport.open — story-card 展示包含场景列表","status":"passed","title":"展示包含场景列表","duration":4.990041999999903,"failureMessages":[],"meta":{}},{"ancestorTitles":["YryCardReport.open — scene-card"],"fullName":"YryCardReport.open — scene-card 类型标签显示\"场景\"","status":"passed","title":"类型标签显示\"场景\"","duration":2.8003750000002583,"failureMessages":[],"meta":{}},{"ancestorTitles":["YryCardReport.open — scene-card"],"fullName":"YryCardReport.open — scene-card 标题展示场景名称","status":"passed","title":"标题展示场景名称","duration":8.514541999999892,"failureMessages":[],"meta":{}},{"ancestorTitles":["YryCardReport.close"],"fullName":"YryCardReport.close close 后遮罩不再 is-open","status":"passed","title":"close 后遮罩不再 is-open","duration":7.0435419999998885,"failureMessages":[],"meta":{}},{"ancestorTitles":["YryCardReport.open — 边界"],"fullName":"YryCardReport.open — 边界 card 为 null 时不报错","status":"passed","title":"card 为 null 时不报错","duration":10.521249999999782,"failureMessages":[],"meta":{}},{"ancestorTitles":["YryCardReport.open — 边界"],"fullName":"YryCardReport.open — 边界 卡片无徽章时不打开","status":"passed","title":"卡片无徽章时不打开","duration":3.1581249999999272,"failureMessages":[],"meta":{}},{"ancestorTitles":["YryCardReport.open — 边界"],"fullName":"YryCardReport.open — 边界 未知卡片类型不打开","status":"passed","title":"未知卡片类型不打开","duration":1.8517919999999322,"failureMessages":[],"meta":{}}],"startTime":1782176781627,"endTime":1782176781826.8518,"status":"passed","message":"","name":"/Users/ruiyi/Yi/YrY/cdn/tests/yry-card-report.test.mjs"},{"assertionResults":[{"ancestorTitles":["YryCatOverview — 渲染"],"fullName":"YryCatOverview — 渲染 render title","status":"passed","title":"render title","duration":25.328999999999724,"failureMessages":[],"meta":{}},{"ancestorTitles":["YryCatOverview — computed"],"fullName":"YryCatOverview — computed parsedSegments 解析数组","status":"passed","title":"parsedSegments 解析数组","duration":8.933082999999897,"failureMessages":[],"meta":{}},{"ancestorTitles":["YryCatOverview — computed"],"fullName":"YryCatOverview — computed parsedStats 解析统计","status":"passed","title":"parsedStats 解析统计","duration":3.318833999999697,"failureMessages":[],"meta":{}},{"ancestorTitles":["YryCatOverview — computed"],"fullName":"YryCatOverview — computed 非法 JSON 返回空数组","status":"passed","title":"非法 JSON 返回空数组","duration":0.9257920000000013,"failureMessages":[],"meta":{}},{"ancestorTitles":["YryCatOverview — computed"],"fullName":"YryCatOverview — computed 空字符串返回空数组","status":"passed","title":"空字符串返回空数组","duration":0.8127080000003843,"failureMessages":[],"meta":{}}],"startTime":1782176811948,"endTime":1782176811998.8127,"status":"passed","message":"","name":"/Users/ruiyi/Yi/YrY/cdn/tests/yry-cat-overview.test.mjs"},{"assertionResults":[{"ancestorTitles":["YryCatWarning — 渲染"],"fullName":"YryCatWarning — 渲染 默认 tone=warn","status":"passed","title":"默认 tone=warn","duration":14.01445799999965,"failureMessages":[],"meta":{}},{"ancestorTitles":["YryCatWarning — 渲染"],"fullName":"YryCatWarning — 渲染 render icon","status":"passed","title":"render icon","duration":4.311041999999816,"failureMessages":[],"meta":{}},{"ancestorTitles":["YryCatWarning — 渲染"],"fullName":"YryCatWarning — 渲染 content 通过 v-html 渲染","status":"passed","title":"content 通过 v-html 渲染","duration":1.8675410000000738,"failureMessages":[],"meta":{}},{"ancestorTitles":["YryCatWarning — 渲染"],"fullName":"YryCatWarning — 渲染 tone=error 渲染错误样式","status":"passed","title":"tone=error 渲染错误样式","duration":1.2666659999999865,"failureMessages":[],"meta":{}},{"ancestorTitles":["YryCatWarning — 渲染"],"fullName":"YryCatWarning — 渲染 tone=info 渲染信息样式","status":"passed","title":"tone=info 渲染信息样式","duration":1.3153330000000096,"failureMessages":[],"meta":{}}],"startTime":1782176806615,"endTime":1782176806637.3154,"status":"passed","message":"","name":"/Users/ruiyi/Yi/YrY/cdn/tests/yry-cat-warning.test.mjs"},{"assertionResults":[{"ancestorTitles":["YryChecklistHead — 渲染"],"fullName":"YryChecklistHead — 渲染 render title","status":"passed","title":"render title","duration":25.852125000000342,"failureMessages":[],"meta":{}},{"ancestorTitles":["YryChecklistHead — 渲染"],"fullName":"YryChecklistHead — 渲染 meta 通过 v-html 渲染","status":"passed","title":"meta 通过 v-html 渲染","duration":2.8942079999997077,"failureMessages":[],"meta":{}},{"ancestorTitles":["YryChecklistHead — percent"],"fullName":"YryChecklistHead — percent 默认 percent 为 0","status":"passed","title":"默认 percent 为 0","duration":1.2068340000005264,"failureMessages":[],"meta":{}},{"ancestorTitles":["YryChecklistHead — percent"],"fullName":"YryChecklistHead — percent percent=100 完成状态","status":"passed","title":"percent=100 完成状态","duration":1.403874999999971,"failureMessages":[],"meta":{}},{"ancestorTitles":["YryChecklistHead — percent"],"fullName":"YryChecklistHead — percent percent=50 半完成","status":"passed","title":"percent=50 半完成","duration":1.132832999999664,"failureMessages":[],"meta":{}},{"ancestorTitles":["YryChecklistHead — percent"],"fullName":"YryChecklistHead — percent percent=0 未完成","status":"passed","title":"percent=0 未完成","duration":0.8988749999998618,"failureMessages":[],"meta":{}}],"startTime":1782176815871,"endTime":1782176815903.899,"status":"passed","message":"","name":"/Users/ruiyi/Yi/YrY/cdn/tests/yry-checklist-head.test.mjs"},{"assertionResults":[{"ancestorTitles":["YryCmdCard — 基础渲染"],"fullName":"YryCmdCard — 基础渲染 render stage + name + desc","status":"passed","title":"render stage + name + desc","duration":33.28616599999987,"failureMessages":[],"meta":{}},{"ancestorTitles":["YryCmdCard — 基础渲染"],"fullName":"YryCmdCard — 基础渲染 render cmd","status":"passed","title":"render cmd","duration":6.402332999999999,"failureMessages":[],"meta":{}},{"ancestorTitles":["YryCmdCard — 基础渲染"],"fullName":"YryCmdCard — 基础渲染 expectHtml 通过 v-html 渲染","status":"passed","title":"expectHtml 通过 v-html 渲染","duration":2.6967500000000655,"failureMessages":[],"meta":{}},{"ancestorTitles":["YryCmdCard — computed.metaItems"],"fullName":"YryCmdCard — computed.metaItems 空 props 返回空数组","status":"passed","title":"空 props 返回空数组","duration":1.2279159999998228,"failureMessages":[],"meta":{}},{"ancestorTitles":["YryCmdCard — computed.metaItems"],"fullName":"YryCmdCard — computed.metaItems owner 渲染 👤 icon + esc 后文本","status":"passed","title":"owner 渲染 👤 icon + esc 后文本","duration":2.42837499999996,"failureMessages":[],"meta":{}},{"ancestorTitles":["YryCmdCard — computed.metaItems"],"fullName":"YryCmdCard — computed.metaItems owner + duration 两个 meta","status":"passed","title":"owner + duration 两个 meta","duration":0.9576670000001286,"failureMessages":[],"meta":{}},{"ancestorTitles":["YryCmdCard — computed.metaItems"],"fullName":"YryCmdCard — computed.metaItems priority 渲染大写 + class","status":"passed","title":"priority 渲染大写 + class","duration":0.8934169999997721,"failureMessages":[],"meta":{}},{"ancestorTitles":["YryCmdCard — computed.metaItems"],"fullName":"YryCmdCard — computed.metaItems 所有 meta 都有时返回 3 项","status":"passed","title":"所有 meta 都有时返回 3 项","duration":0.7114160000000993,"failureMessages":[],"meta":{}},{"ancestorTitles":["YryCmdCard — computed.metaItems"],"fullName":"YryCmdCard — computed.metaItems esc 转义 HTML 特殊字符(防 XSS)","status":"passed","title":"esc 转义 HTML 特殊字符(防 XSS)","duration":0.8864160000002812,"failureMessages":[],"meta":{}},{"ancestorTitles":["YryCmdCard — data"],"fullName":"YryCmdCard — data 初始 copied=false","status":"passed","title":"初始 copied=false","duration":0.7248340000001008,"failureMessages":[],"meta":{}}],"startTime":1782176798538,"endTime":1782176798588.7249,"status":"passed","message":"","name":"/Users/ruiyi/Yi/YrY/cdn/tests/yry-cmd-card.test.mjs"},{"assertionResults":[{"ancestorTitles":["YryCmdHead — 渲染"],"fullName":"YryCmdHead — 渲染 render title","status":"passed","title":"render title","duration":22.796957999999904,"failureMessages":[],"meta":{}},{"ancestorTitles":["YryCmdHead — 渲染"],"fullName":"YryCmdHead — 渲染 subtitle 通过 v-html 渲染","status":"passed","title":"subtitle 通过 v-html 渲染","duration":3.3562919999999394,"failureMessages":[],"meta":{}},{"ancestorTitles":["YryCmdHead — computed.parsedStats"],"fullName":"YryCmdHead — computed.parsedStats 合法 JSON 返回解析数组","status":"passed","title":"合法 JSON 返回解析数组","duration":2.2081669999997757,"failureMessages":[],"meta":{}},{"ancestorTitles":["YryCmdHead — computed.parsedStats"],"fullName":"YryCmdHead — computed.parsedStats 非法 JSON 返回空数组(容错)","status":"passed","title":"非法 JSON 返回空数组(容错)","duration":1.0759589999997843,"failureMessages":[],"meta":{}},{"ancestorTitles":["YryCmdHead — computed.parsedStats"],"fullName":"YryCmdHead — computed.parsedStats 空字符串返回空数组","status":"passed","title":"空字符串返回空数组","duration":0.7121669999996811,"failureMessages":[],"meta":{}},{"ancestorTitles":["YryCmdHead — computed.parsedStats"],"fullName":"YryCmdHead — computed.parsedStats 默认值 \"[]\" 返回空数组","status":"passed","title":"默认值 \"[]\" 返回空数组","duration":0.4884999999999309,"failureMessages":[],"meta":{}},{"ancestorTitles":["YryCmdHead — computed.parsedStats"],"fullName":"YryCmdHead — computed.parsedStats parsedStats 为数组类型","status":"passed","title":"parsedStats 为数组类型","duration":1.0563750000001164,"failureMessages":[],"meta":{}}],"startTime":1782176802645,"endTime":1782176802677.0564,"status":"passed","message":"","name":"/Users/ruiyi/Yi/YrY/cdn/tests/yry-cmd-head.test.mjs"},{"assertionResults":[{"ancestorTitles":["YryCronPanel — data 初始状态"],"fullName":"YryCronPanel — data 初始状态 初始 tasks 为空数组","status":"passed","title":"初始 tasks 为空数组","duration":37.63083400000005,"failureMessages":[],"meta":{}},{"ancestorTitles":["YryCronPanel — data 初始状态"],"fullName":"YryCronPanel — data 初始状态 初始 loading=false","status":"passed","title":"初始 loading=false","duration":1.9409999999998035,"failureMessages":[],"meta":{}},{"ancestorTitles":["YryCronPanel — data 初始状态"],"fullName":"YryCronPanel — data 初始状态 初始 error=null","status":"passed","title":"初始 error=null","duration":1.1532910000000811,"failureMessages":[],"meta":{}},{"ancestorTitles":["YryCronPanel — data 初始状态"],"fullName":"YryCronPanel — data 初始状态 初始 now 是数字","status":"passed","title":"初始 now 是数字","duration":1.1754580000001624,"failureMessages":[],"meta":{}},{"ancestorTitles":["YryCronPanel — data 初始状态"],"fullName":"YryCronPanel — data 初始状态 tasks 可加载任务","status":"passed","title":"tasks 可加载任务","duration":3.8997920000001614,"failureMessages":[],"meta":{}},{"ancestorTitles":["YryCronPanel — data 初始状态"],"fullName":"YryCronPanel — data 初始状态 loading 可切换","status":"passed","title":"loading 可切换","duration":1.1824169999999867,"failureMessages":[],"meta":{}}],"startTime":1782176789500,"endTime":1782176789547.1824,"status":"passed","message":"","name":"/Users/ruiyi/Yi/YrY/cdn/tests/yry-cron-panel.test.mjs"},{"assertionResults":[{"ancestorTitles":["YryCrossNav — 渲染"],"fullName":"YryCrossNav — 渲染 空 pages 渲染空","status":"passed","title":"空 pages 渲染空","duration":29.142249999999876,"failureMessages":[],"meta":{}},{"ancestorTitles":["YryCrossNav — 渲染"],"fullName":"YryCrossNav — 渲染 render 单页","status":"passed","title":"render 单页","duration":2.4708330000003116,"failureMessages":[],"meta":{}},{"ancestorTitles":["YryCrossNav — 渲染"],"fullName":"YryCrossNav — 渲染 render 多页","status":"passed","title":"render 多页","duration":2.822208000000046,"failureMessages":[],"meta":{}},{"ancestorTitles":["YryCrossNav — 渲染"],"fullName":"YryCrossNav — 渲染 basePath 默认 \"./\"","status":"passed","title":"basePath 默认 \"./\"","duration":1.654790999999932,"failureMessages":[],"meta":{}},{"ancestorTitles":["YryCrossNav — 渲染"],"fullName":"YryCrossNav — 渲染 active 标识当前页(渲染 span.on 而非 a)","status":"passed","title":"active 标识当前页(渲染 span.on 而非 a)","duration":3.5425420000001395,"failureMessages":[],"meta":{}}],"startTime":1782176806512,"endTime":1782176806551.5425,"status":"passed","message":"","name":"/Users/ruiyi/Yi/YrY/cdn/tests/yry-cross-nav.test.mjs"},{"assertionResults":[{"ancestorTitles":["YryDepBadge — 渲染"],"fullName":"YryDepBadge — 渲染 render label","status":"passed","title":"render label","duration":27.53170900000032,"failureMessages":[],"meta":{}},{"ancestorTitles":["YryDepBadge — 渲染"],"fullName":"YryDepBadge — 渲染 默认 type=\"doc\"","status":"passed","title":"默认 type=\"doc\"","duration":2.802249999999731,"failureMessages":[],"meta":{}},{"ancestorTitles":["YryDepBadge — 渲染"],"fullName":"YryDepBadge — 渲染 type=runtime 渲染运行时样式","status":"passed","title":"type=runtime 渲染运行时样式","duration":3.089791999999761,"failureMessages":[],"meta":{}},{"ancestorTitles":["YryDepBadge — 渲染"],"fullName":"YryDepBadge — 渲染 href 渲染为 <a>","status":"passed","title":"href 渲染为 <a>","duration":2.9465839999998025,"failureMessages":[],"meta":{}},{"ancestorTitles":["YryDepBadge — 渲染"],"fullName":"YryDepBadge — 渲染 target=\"_blank\" 渲染","status":"passed","title":"target=\"_blank\" 渲染","duration":1.564332999999806,"failureMessages":[],"meta":{}},{"ancestorTitles":["YryDepBadge — 渲染"],"fullName":"YryDepBadge — 渲染 无 href 时仍渲染 <a>(href=\"\")","status":"passed","title":"无 href 时仍渲染 <a>(href=\"\")","duration":1.4112920000002305,"failureMessages":[],"meta":{}}],"startTime":1782176789556,"endTime":1782176789595.4114,"status":"passed","message":"","name":"/Users/ruiyi/Yi/YrY/cdn/tests/yry-dep-badge.test.mjs"},{"assertionResults":[{"ancestorTitles":["YryDocLayer — 模板"],"fullName":"YryDocLayer — 模板 模板存在","status":"passed","title":"模板存在","duration":0.9687089999997625,"failureMessages":[],"meta":{}},{"ancestorTitles":["YryDocLayer — 模板"],"fullName":"YryDocLayer — 模板 模板含 doc-layer 标识","status":"passed","title":"模板含 doc-layer 标识","duration":0.4505839999997079,"failureMessages":[],"meta":{}},{"ancestorTitles":["YryDocLayer — 模板"],"fullName":"YryDocLayer — 模板 模板使用 yry-layer 自定义元素","status":"passed","title":"模板使用 yry-layer 自定义元素","duration":0.265041999999994,"failureMessages":[],"meta":{}}],"startTime":1782176816120,"endTime":1782176816122.2651,"status":"passed","message":"","name":"/Users/ruiyi/Yi/YrY/cdn/tests/yry-doc-layer.test.mjs"},{"assertionResults":[{"ancestorTitles":["YryFaqPanel — 渲染"],"fullName":"YryFaqPanel — 渲染 render 所有问题","status":"passed","title":"render 所有问题","duration":59.29908299999988,"failureMessages":[],"meta":{}},{"ancestorTitles":["YryFaqPanel — 渲染"],"fullName":"YryFaqPanel — 渲染 a 通过 v-html 渲染","status":"passed","title":"a 通过 v-html 渲染","duration":10.207625000000007,"failureMessages":[],"meta":{}},{"ancestorTitles":["YryFaqPanel — methods.isOpen"],"fullName":"YryFaqPanel — methods.isOpen 初始所有 FAQ 都关闭","status":"passed","title":"初始所有 FAQ 都关闭","duration":1.3739170000003469,"failureMessages":[],"meta":{}},{"ancestorTitles":["YryFaqPanel — methods.isOpen"],"fullName":"YryFaqPanel — methods.isOpen 越界索引返回 false","status":"passed","title":"越界索引返回 false","duration":0.9954159999997501,"failureMessages":[],"meta":{}},{"ancestorTitles":["YryFaqPanel — methods.toggle"],"fullName":"YryFaqPanel — methods.toggle toggle 打开指定 FAQ","status":"passed","title":"toggle 打开指定 FAQ","duration":4.53683299999966,"failureMessages":[],"meta":{}},{"ancestorTitles":["YryFaqPanel — methods.toggle"],"fullName":"YryFaqPanel — methods.toggle toggle 同一 FAQ 再次点击关闭","status":"passed","title":"toggle 同一 FAQ 再次点击关闭","duration":4.1879579999999805,"failureMessages":[],"meta":{}},{"ancestorTitles":["YryFaqPanel — methods.toggle"],"fullName":"YryFaqPanel — methods.toggle toggle 新 FAQ 关闭之前打开的(互斥)","status":"passed","title":"toggle 新 FAQ 关闭之前打开的(互斥)","duration":2.0063749999999345,"failureMessages":[],"meta":{}},{"ancestorTitles":["YryFaqPanel — methods.toggle"],"fullName":"YryFaqPanel — methods.toggle toggle 不影响其他未打开的 FAQ","status":"passed","title":"toggle 不影响其他未打开的 FAQ","duration":2.085667000000285,"failureMessages":[],"meta":{}}],"startTime":1782176798449,"endTime":1782176798534.0857,"status":"passed","message":"","name":"/Users/ruiyi/Yi/YrY/cdn/tests/yry-faq-panel.test.mjs"},{"assertionResults":[{"ancestorTitles":["YryFlowLoop — 渲染"],"fullName":"YryFlowLoop — 渲染 render 必填 stages","status":"passed","title":"render 必填 stages","duration":50.4438339999997,"failureMessages":[],"meta":{}},{"ancestorTitles":["YryFlowLoop — 渲染"],"fullName":"YryFlowLoop — 渲染 render 多阶段","status":"passed","title":"render 多阶段","duration":17.199750000000222,"failureMessages":[],"meta":{}},{"ancestorTitles":["YryFlowLoop — 渲染"],"fullName":"YryFlowLoop — 渲染 默认 loopArrow=true","status":"passed","title":"默认 loopArrow=true","duration":0.8255410000001575,"failureMessages":[],"meta":{}},{"ancestorTitles":["YryFlowLoop — 渲染"],"fullName":"YryFlowLoop — 渲染 默认 loopIcon=\"↻\"","status":"passed","title":"默认 loopIcon=\"↻\"","duration":0.5590830000001006,"failureMessages":[],"meta":{}},{"ancestorTitles":["YryFlowLoop — 渲染"],"fullName":"YryFlowLoop — 渲染 默认 arrowIcon=\"→\"","status":"passed","title":"默认 arrowIcon=\"→\"","duration":0.5551249999998618,"failureMessages":[],"meta":{}},{"ancestorTitles":["YryFlowLoop — 渲染"],"fullName":"YryFlowLoop — 渲染 自定义 loopIcon 和 arrowIcon","status":"passed","title":"自定义 loopIcon 和 arrowIcon","duration":0.9047500000001492,"failureMessages":[],"meta":{}}],"startTime":1782176786034,"endTime":1782176786103.9048,"status":"passed","message":"","name":"/Users/ruiyi/Yi/YrY/cdn/tests/yry-flow-loop.test.mjs"},{"assertionResults":[{"ancestorTitles":["YryFooterNote — 渲染"],"fullName":"YryFooterNote — 渲染 默认 version 为 \"5.4.0\"","status":"passed","title":"默认 version 为 \"5.4.0\"","duration":44.57679099999996,"failureMessages":[],"meta":{}},{"ancestorTitles":["YryFooterNote — 渲染"],"fullName":"YryFooterNote — 渲染 自定义 version","status":"passed","title":"自定义 version","duration":1.4353750000000218,"failureMessages":[],"meta":{}},{"ancestorTitles":["YryFooterNote — 渲染"],"fullName":"YryFooterNote — 渲染 空 version 也能渲染","status":"passed","title":"空 version 也能渲染","duration":6.401249999999891,"failureMessages":[],"meta":{}}],"startTime":1782176802502,"endTime":1782176802554.4014,"status":"passed","message":"","name":"/Users/ruiyi/Yi/YrY/cdn/tests/yry-footer-note.test.mjs"},{"assertionResults":[{"ancestorTitles":["YryGantt — props"],"fullName":"YryGantt — props 默认 days=15","status":"passed","title":"默认 days=15","duration":14.748875000000226,"failureMessages":[],"meta":{}},{"ancestorTitles":["YryGantt — props"],"fullName":"YryGantt — props 自定义 days","status":"passed","title":"自定义 days","duration":3.448750000000018,"failureMessages":[],"meta":{}},{"ancestorTitles":["YryGantt — computed"],"fullName":"YryGantt — computed parsedLabels 解析日期数组","status":"passed","title":"parsedLabels 解析日期数组","duration":2.043499999999767,"failureMessages":[],"meta":{}},{"ancestorTitles":["YryGantt — computed"],"fullName":"YryGantt — computed parsedTasks 解析任务数组","status":"passed","title":"parsedTasks 解析任务数组","duration":1.314542000000074,"failureMessages":[],"meta":{}},{"ancestorTitles":["YryGantt — computed"],"fullName":"YryGantt — computed 非法 JSON 返回空数组","status":"passed","title":"非法 JSON 返回空数组","duration":1.0629170000001977,"failureMessages":[],"meta":{}},{"ancestorTitles":["YryGantt — computed"],"fullName":"YryGantt — computed 空字符串返回空数组","status":"passed","title":"空字符串返回空数组","duration":0.8558330000000751,"failureMessages":[],"meta":{}},{"ancestorTitles":["YryGantt — computed"],"fullName":"YryGantt — computed render tasks 名称","status":"passed","title":"render tasks 名称","duration":5.031292000000121,"failureMessages":[],"meta":{}}],"startTime":1782176789400,"endTime":1782176789429.0312,"status":"passed","message":"","name":"/Users/ruiyi/Yi/YrY/cdn/tests/yry-gantt.test.mjs"},{"assertionResults":[{"ancestorTitles":["YryItemCard — 渲染"],"fullName":"YryItemCard — 渲染 render 必填 icon + name","status":"passed","title":"render 必填 icon + name","duration":34.15891599999986,"failureMessages":[],"meta":{}},{"ancestorTitles":["YryItemCard — 渲染"],"fullName":"YryItemCard — 渲染 render badge","status":"passed","title":"render badge","duration":6.705124999999953,"failureMessages":[],"meta":{}},{"ancestorTitles":["YryItemCard — 渲染"],"fullName":"YryItemCard — 渲染 desc 通过 v-html 渲染","status":"passed","title":"desc 通过 v-html 渲染","duration":5.772542000000158,"failureMessages":[],"meta":{}},{"ancestorTitles":["YryItemCard — 渲染"],"fullName":"YryItemCard — 渲染 render tags 列表(对象数组)","status":"passed","title":"render tags 列表(对象数组)","duration":8.91366700000026,"failureMessages":[],"meta":{}},{"ancestorTitles":["YryItemCard — 渲染"],"fullName":"YryItemCard — 渲染 nameHref 渲染为 <a>","status":"passed","title":"nameHref 渲染为 <a>","duration":3.557958000000326,"failureMessages":[],"meta":{}},{"ancestorTitles":["YryItemCard — 渲染"],"fullName":"YryItemCard — 渲染 iconModifier 应用样式","status":"passed","title":"iconModifier 应用样式","duration":6.06920799999989,"failureMessages":[],"meta":{}}],"startTime":1782176782318,"endTime":1782176782383.069,"status":"passed","message":"","name":"/Users/ruiyi/Yi/YrY/cdn/tests/yry-item-card.test.mjs"},{"assertionResults":[{"ancestorTitles":["YryItemCards — data"],"fullName":"YryItemCards — data 初始 grids 是对象","status":"passed","title":"初始 grids 是对象","duration":35.63804200000004,"failureMessages":[],"meta":{}},{"ancestorTitles":["YryItemCards — data"],"fullName":"YryItemCards — data 初始 mounted 是空对象","status":"passed","title":"初始 mounted 是空对象","duration":1.2692919999999503,"failureMessages":[],"meta":{}},{"ancestorTitles":["YryItemCards — data"],"fullName":"YryItemCards — data grids 含 agent-roles-grid 键","status":"passed","title":"grids 含 agent-roles-grid 键","duration":0.7384170000000267,"failureMessages":[],"meta":{}},{"ancestorTitles":["YryItemCards — data"],"fullName":"YryItemCards — data agent-roles-grid 含 pm 角色","status":"passed","title":"agent-roles-grid 含 pm 角色","duration":0.7891670000003614,"failureMessages":[],"meta":{}}],"startTime":1782176786117,"endTime":1782176786155.789,"status":"passed","message":"","name":"/Users/ruiyi/Yi/YrY/cdn/tests/yry-item-cards.test.mjs"},{"assertionResults":[{"ancestorTitles":["YryKpiCard — 渲染"],"fullName":"YryKpiCard — 渲染 render label + num","status":"passed","title":"render label + num","duration":38.00579199999993,"failureMessages":[],"meta":{}},{"ancestorTitles":["YryKpiCard — 渲染"],"fullName":"YryKpiCard — 渲染 render trend","status":"passed","title":"render trend","duration":2.981540999999197,"failureMessages":[],"meta":{}},{"ancestorTitles":["YryKpiCard — 渲染"],"fullName":"YryKpiCard — 渲染 默认 trendDir=flat","status":"passed","title":"默认 trendDir=flat","duration":1.0472500000005311,"failureMessages":[],"meta":{}},{"ancestorTitles":["YryKpiCard — 渲染"],"fullName":"YryKpiCard — 渲染 trendDir=up 渲染上升样式","status":"passed","title":"trendDir=up 渲染上升样式","duration":1.135957999999846,"failureMessages":[],"meta":{}},{"ancestorTitles":["YryKpiCard — 渲染"],"fullName":"YryKpiCard — 渲染 trendDir=down 渲染下降样式","status":"passed","title":"trendDir=down 渲染下降样式","duration":0.9020000000000437,"failureMessages":[],"meta":{}},{"ancestorTitles":["YryKpiCard — 渲染"],"fullName":"YryKpiCard — 渲染 numColor 自定义颜色","status":"passed","title":"numColor 自定义颜色","duration":0.8810829999993075,"failureMessages":[],"meta":{}}],"startTime":1782176794476,"endTime":1782176794520.881,"status":"passed","message":"","name":"/Users/ruiyi/Yi/YrY/cdn/tests/yry-kpi-card.test.mjs"},{"assertionResults":[{"ancestorTitles":["YryKpiGrid — props"],"fullName":"YryKpiGrid — props 默认 cols=6","status":"passed","title":"默认 cols=6","duration":34.341499999999996,"failureMessages":[],"meta":{}},{"ancestorTitles":["YryKpiGrid — props"],"fullName":"YryKpiGrid — props cols 可设为字符串","status":"passed","title":"cols 可设为字符串","duration":1.1719590000002427,"failureMessages":[],"meta":{}},{"ancestorTitles":["YryKpiGrid — props"],"fullName":"YryKpiGrid — props cols 可设为数字","status":"passed","title":"cols 可设为数字","duration":0.8292089999999916,"failureMessages":[],"meta":{}},{"ancestorTitles":["YryKpiGrid — computed.parsedKpis"],"fullName":"YryKpiGrid — computed.parsedKpis 合法 JSON 解析","status":"passed","title":"合法 JSON 解析","duration":6.096833000000061,"failureMessages":[],"meta":{}},{"ancestorTitles":["YryKpiGrid — computed.parsedKpis"],"fullName":"YryKpiGrid — computed.parsedKpis 非法 JSON 返回空数组","status":"passed","title":"非法 JSON 返回空数组","duration":13.921000000000276,"failureMessages":[],"meta":{}},{"ancestorTitles":["YryKpiGrid — computed.parsedKpis"],"fullName":"YryKpiGrid — computed.parsedKpis 空字符串返回空数组","status":"passed","title":"空字符串返回空数组","duration":1.8493329999996604,"failureMessages":[],"meta":{}},{"ancestorTitles":["YryKpiGrid — computed.parsedKpis"],"fullName":"YryKpiGrid — computed.parsedKpis render KPI 值","status":"passed","title":"render KPI 值","duration":18.97400000000016,"failureMessages":[],"meta":{}}],"startTime":1782176805999,"endTime":1782176806075.974,"status":"passed","message":"","name":"/Users/ruiyi/Yi/YrY/cdn/tests/yry-kpi-grid.test.mjs"},{"assertionResults":[{"ancestorTitles":["YryLayerAgents — 渲染"],"fullName":"YryLayerAgents — 渲染 组件能挂载","status":"passed","title":"组件能挂载","duration":20.14058299999988,"failureMessages":[],"meta":{}},{"ancestorTitles":["YryLayerAgents — 渲染"],"fullName":"YryLayerAgents — 渲染 无 props 也能渲染","status":"passed","title":"无 props 也能渲染","duration":1.7700839999997697,"failureMessages":[],"meta":{}}],"startTime":1782176798016,"endTime":1782176798037.77,"status":"passed","message":"","name":"/Users/ruiyi/Yi/YrY/cdn/tests/yry-layer-agents.test.mjs"},{"assertionResults":[{"ancestorTitles":["YryLayerInfoPanel — data 初始状态"],"fullName":"YryLayerInfoPanel — data 初始状态 初始 currentName=null","status":"passed","title":"初始 currentName=null","duration":26.087167000000136,"failureMessages":[],"meta":{}},{"ancestorTitles":["YryLayerInfoPanel — data 初始状态"],"fullName":"YryLayerInfoPanel — data 初始状态 初始 openState=false","status":"passed","title":"初始 openState=false","duration":3.015458000000308,"failureMessages":[],"meta":{}},{"ancestorTitles":["YryLayerInfoPanel — data 初始状态"],"fullName":"YryLayerInfoPanel — data 初始状态 DATA 已加载","status":"passed","title":"DATA 已加载","duration":1.83600000000024,"failureMessages":[],"meta":{}},{"ancestorTitles":["YryLayerInfoPanel — computed"],"fullName":"YryLayerInfoPanel — computed currentName=null 时 currentTitle=\"层级详情\"","status":"passed","title":"currentName=null 时 currentTitle=\"层级详情\"","duration":2.38025000000016,"failureMessages":[],"meta":{}},{"ancestorTitles":["YryLayerInfoPanel — computed"],"fullName":"YryLayerInfoPanel — computed currentName=null 时 currentContent=\"\"","status":"passed","title":"currentName=null 时 currentContent=\"\"","duration":0.74737499999992,"failureMessages":[],"meta":{}},{"ancestorTitles":["YryLayerInfoPanel — computed"],"fullName":"YryLayerInfoPanel — computed 设置 currentName 后 currentTitle 返回对应标题","status":"passed","title":"设置 currentName 后 currentTitle 返回对应标题","duration":2.537499999999909,"failureMessages":[],"meta":{}},{"ancestorTitles":["YryLayerInfoPanel — methods"],"fullName":"YryLayerInfoPanel — methods show(有效 name) 打开面板","status":"passed","title":"show(有效 name) 打开面板","duration":2.5073750000001382,"failureMessages":[],"meta":{}},{"ancestorTitles":["YryLayerInfoPanel — methods"],"fullName":"YryLayerInfoPanel — methods show(无效 name) 返回 false 不改变状态","status":"passed","title":"show(无效 name) 返回 false 不改变状态","duration":1.3989580000002206,"failureMessages":[],"meta":{}},{"ancestorTitles":["YryLayerInfoPanel — methods"],"fullName":"YryLayerInfoPanel — methods close 关闭面板","status":"passed","title":"close 关闭面板","duration":1.2368750000000546,"failureMessages":[],"meta":{}},{"ancestorTitles":["YryLayerInfoPanel — methods"],"fullName":"YryLayerInfoPanel — methods isOpen 返回 openState","status":"passed","title":"isOpen 返回 openState","duration":6.42858299999989,"failureMessages":[],"meta":{}},{"ancestorTitles":["YryLayerInfoPanel — methods"],"fullName":"YryLayerInfoPanel — methods onOverlayClick 等同于 close","status":"passed","title":"onOverlayClick 等同于 close","duration":2.5273339999998825,"failureMessages":[],"meta":{}}],"startTime":1782176785918,"endTime":1782176785968.5273,"status":"passed","message":"","name":"/Users/ruiyi/Yi/YrY/cdn/tests/yry-layer-info-panel.test.mjs"},{"assertionResults":[{"ancestorTitles":["YryLayerRefs — 渲染"],"fullName":"YryLayerRefs — 渲染 组件能挂载","status":"passed","title":"组件能挂载","duration":25.277500000000146,"failureMessages":[],"meta":{}}],"startTime":1782176812026,"endTime":1782176812051.2776,"status":"passed","message":"","name":"/Users/ruiyi/Yi/YrY/cdn/tests/yry-layer-refs.test.mjs"},{"assertionResults":[{"ancestorTitles":["YryLayerRules — 渲染"],"fullName":"YryLayerRules — 渲染 组件能挂载","status":"passed","title":"组件能挂载","duration":22.09904200000028,"failureMessages":[],"meta":{}},{"ancestorTitles":["YryLayerRules — 渲染"],"fullName":"YryLayerRules — 渲染 无 props 也能渲染","status":"passed","title":"无 props 也能渲染","duration":3.1309580000001915,"failureMessages":[],"meta":{}}],"startTime":1782176798648,"endTime":1782176798673.1309,"status":"passed","message":"","name":"/Users/ruiyi/Yi/YrY/cdn/tests/yry-layer-rules.test.mjs"},{"assertionResults":[{"ancestorTitles":["YryLayer — 渲染"],"fullName":"YryLayer — 渲染 render 必填 num","status":"passed","title":"render 必填 num","duration":242.66770899999983,"failureMessages":[],"meta":{}},{"ancestorTitles":["YryLayer — 渲染"],"fullName":"YryLayer — 渲染 render num + titlePrefix + titleIcon","status":"passed","title":"render num + titlePrefix + titleIcon","duration":12.17104100000006,"failureMessages":[],"meta":{}},{"ancestorTitles":["YryLayer — 渲染"],"fullName":"YryLayer — 渲染 render titleAccent + titleSuffix","status":"passed","title":"render titleAccent + titleSuffix","duration":6.891458999999941,"failureMessages":[],"meta":{}},{"ancestorTitles":["YryLayer — 渲染"],"fullName":"YryLayer — 渲染 render stats 数组","status":"passed","title":"render stats 数组","duration":6.604916999999659,"failureMessages":[],"meta":{}},{"ancestorTitles":["YryLayer — 渲染"],"fullName":"YryLayer — 渲染 render panels 数组","status":"passed","title":"render panels 数组","duration":12.412874999999985,"failureMessages":[],"meta":{}},{"ancestorTitles":["YryLayer — 渲染"],"fullName":"YryLayer — 渲染 render panelsTitle(需 panels 非空才显示)","status":"passed","title":"render panelsTitle(需 panels 非空才显示)","duration":3.0552920000000086,"failureMessages":[],"meta":{}},{"ancestorTitles":["YryLayer — 渲染"],"fullName":"YryLayer — 渲染 默认 stats/panels 为空数组","status":"passed","title":"默认 stats/panels 为空数组","duration":2.892417000000023,"failureMessages":[],"meta":{}}],"startTime":1782176781993,"endTime":1782176782279.8923,"status":"passed","message":"","name":"/Users/ruiyi/Yi/YrY/cdn/tests/yry-layer.test.mjs"},{"assertionResults":[{"ancestorTitles":["YryNotifyPanel — 模板提取"],"fullName":"YryNotifyPanel — 模板提取 模板存在且含 notify 标识","status":"passed","title":"模板存在且含 notify 标识","duration":0.7368750000000546,"failureMessages":[],"meta":{}},{"ancestorTitles":["YryNotifyPanel — data 初始状态"],"fullName":"YryNotifyPanel — data 初始状态 初始 allItems 为空数组","status":"passed","title":"初始 allItems 为空数组","duration":9.101208000000042,"failureMessages":[],"meta":{}},{"ancestorTitles":["YryNotifyPanel — data 初始状态"],"fullName":"YryNotifyPanel — data 初始状态 初始 activeFilter=\"all\"","status":"passed","title":"初始 activeFilter=\"all\"","duration":0.7274999999999636,"failureMessages":[],"meta":{}},{"ancestorTitles":["YryNotifyPanel — data 初始状态"],"fullName":"YryNotifyPanel — data 初始状态 初始 loading=false","status":"passed","title":"初始 loading=false","duration":0.5352090000001226,"failureMessages":[],"meta":{}},{"ancestorTitles":["YryNotifyPanel — data 初始状态"],"fullName":"YryNotifyPanel — data 初始状态 初始 error=null","status":"passed","title":"初始 error=null","duration":2.624207999999726,"failureMessages":[],"meta":{}},{"ancestorTitles":["YryNotifyPanel — data 初始状态"],"fullName":"YryNotifyPanel — data 初始状态 初始 _lastUpdate=0","status":"passed","title":"初始 _lastUpdate=0","duration":1.7489590000000135,"failureMessages":[],"meta":{}},{"ancestorTitles":["YryNotifyPanel — computed.filteredItems"],"fullName":"YryNotifyPanel — computed.filteredItems activeFilter=all 返回所有 items","status":"passed","title":"activeFilter=all 返回所有 items","duration":1.3453330000002097,"failureMessages":[],"meta":{}},{"ancestorTitles":["YryNotifyPanel — computed.filteredItems"],"fullName":"YryNotifyPanel — computed.filteredItems activeFilter=health 过滤非 health 类型","status":"passed","title":"activeFilter=health 过滤非 health 类型","duration":1.0565000000001419,"failureMessages":[],"meta":{}},{"ancestorTitles":["YryNotifyPanel — computed.filteredItems"],"fullName":"YryNotifyPanel — computed.filteredItems activeFilter=loop 过滤非 loop 类型","status":"passed","title":"activeFilter=loop 过滤非 loop 类型","duration":1.2369579999999587,"failureMessages":[],"meta":{}},{"ancestorTitles":["YryNotifyPanel — computed.filteredItems"],"fullName":"YryNotifyPanel — computed.filteredItems 空 allItems 返回空数组","status":"passed","title":"空 allItems 返回空数组","duration":0.43916699999999764,"failureMessages":[],"meta":{}},{"ancestorTitles":["YryNotifyPanel — computed.filteredItems"],"fullName":"YryNotifyPanel — computed.filteredItems filteredItems 给每项加 _idx","status":"passed","title":"filteredItems 给每项加 _idx","duration":2.6553750000002765,"failureMessages":[],"meta":{}}],"startTime":1782176802884,"endTime":1782176802906.6553,"status":"passed","message":"","name":"/Users/ruiyi/Yi/YrY/cdn/tests/yry-notify-panel.test.mjs"},{"assertionResults":[{"ancestorTitles":["YryOpBtn — 渲染"],"fullName":"YryOpBtn — 渲染 render label","status":"passed","title":"render label","duration":20.54254200000014,"failureMessages":[],"meta":{}},{"ancestorTitles":["YryOpBtn — 渲染"],"fullName":"YryOpBtn — 渲染 render icon + label","status":"passed","title":"render icon + label","duration":2.2752080000000205,"failureMessages":[],"meta":{}},{"ancestorTitles":["YryOpBtn — 渲染"],"fullName":"YryOpBtn — 渲染 href 渲染为 <a>","status":"passed","title":"href 渲染为 <a>","duration":3.1377080000002024,"failureMessages":[],"meta":{}},{"ancestorTitles":["YryOpBtn — 渲染"],"fullName":"YryOpBtn — 渲染 target=_blank 渲染","status":"passed","title":"target=_blank 渲染","duration":1.016750000000684,"failureMessages":[],"meta":{}},{"ancestorTitles":["YryOpBtn — 渲染"],"fullName":"YryOpBtn — 渲染 tone 应用样式","status":"passed","title":"tone 应用样式","duration":0.9558329999999842,"failureMessages":[],"meta":{}},{"ancestorTitles":["YryOpBtn — 渲染"],"fullName":"YryOpBtn — 渲染 默认 props 都为空字符串","status":"passed","title":"默认 props 都为空字符串","duration":0.773457999999664,"failureMessages":[],"meta":{}}],"startTime":1782176794182,"endTime":1782176794210.7734,"status":"passed","message":"","name":"/Users/ruiyi/Yi/YrY/cdn/tests/yry-op-btn.test.mjs"},{"assertionResults":[{"ancestorTitles":["YryPanelHub — props"],"fullName":"YryPanelHub — props 默认 label=null","status":"passed","title":"默认 label=null","duration":44.17420800000036,"failureMessages":[],"meta":{}},{"ancestorTitles":["YryPanelHub — props"],"fullName":"YryPanelHub — props 默认 flow=\"\"","status":"passed","title":"默认 flow=\"\"","duration":20.479291999999987,"failureMessages":[],"meta":{}},{"ancestorTitles":["YryPanelHub — props"],"fullName":"YryPanelHub — props render buttons","status":"passed","title":"render buttons","duration":12.998749999999745,"failureMessages":[],"meta":{}},{"ancestorTitles":["YryPanelHub — props"],"fullName":"YryPanelHub — props render label","status":"passed","title":"render label","duration":6.173041000000012,"failureMessages":[],"meta":{}},{"ancestorTitles":["YryPanelHub — props"],"fullName":"YryPanelHub — props render flow","status":"passed","title":"render flow","duration":1.6454160000002958,"failureMessages":[],"meta":{}}],"startTime":1782176794539,"endTime":1782176794624.6455,"status":"passed","message":"","name":"/Users/ruiyi/Yi/YrY/cdn/tests/yry-panel-hub.test.mjs"},{"assertionResults":[{"ancestorTitles":["YryPathLink — 渲染"],"fullName":"YryPathLink — 渲染 render display","status":"passed","title":"render display","duration":22.83508299999994,"failureMessages":[],"meta":{}},{"ancestorTitles":["YryPathLink — 渲染"],"fullName":"YryPathLink — 渲染 href 渲染为 <a>","status":"passed","title":"href 渲染为 <a>","duration":1.5342499999997017,"failureMessages":[],"meta":{}},{"ancestorTitles":["YryPathLink — 渲染"],"fullName":"YryPathLink — 渲染 target=_blank 渲染","status":"passed","title":"target=_blank 渲染","duration":1.057166000000052,"failureMessages":[],"meta":{}},{"ancestorTitles":["YryPathLink — 渲染"],"fullName":"YryPathLink — 渲染 full 显示完整路径(可能作为 title)","status":"passed","title":"full 显示完整路径(可能作为 title)","duration":1.234958000000006,"failureMessages":[],"meta":{}},{"ancestorTitles":["YryPathLink — 渲染"],"fullName":"YryPathLink — 渲染 默认 props 都为空字符串","status":"passed","title":"默认 props 都为空字符串","duration":0.8011249999999563,"failureMessages":[],"meta":{}}],"startTime":1782176806715,"endTime":1782176806742.801,"status":"passed","message":"","name":"/Users/ruiyi/Yi/YrY/cdn/tests/yry-path-link.test.mjs"},{"assertionResults":[{"ancestorTitles":["YryPhaseStrip — props"],"fullName":"YryPhaseStrip — props 默认 cols=6","status":"passed","title":"默认 cols=6","duration":41.578207999999904,"failureMessages":[],"meta":{}},{"ancestorTitles":["YryPhaseStrip — props"],"fullName":"YryPhaseStrip — props cols 可设为字符串","status":"passed","title":"cols 可设为字符串","duration":2.764415999999983,"failureMessages":[],"meta":{}},{"ancestorTitles":["YryPhaseStrip — computed.parsedPhases"],"fullName":"YryPhaseStrip — computed.parsedPhases 合法 JSON 解析","status":"passed","title":"合法 JSON 解析","duration":2.949583000000075,"failureMessages":[],"meta":{}},{"ancestorTitles":["YryPhaseStrip — computed.parsedPhases"],"fullName":"YryPhaseStrip — computed.parsedPhases 非法 JSON 返回空数组","status":"passed","title":"非法 JSON 返回空数组","duration":1.1079999999997199,"failureMessages":[],"meta":{}},{"ancestorTitles":["YryPhaseStrip — computed.parsedPhases"],"fullName":"YryPhaseStrip — computed.parsedPhases 空字符串返回空数组","status":"passed","title":"空字符串返回空数组","duration":5.850667000000158,"failureMessages":[],"meta":{}},{"ancestorTitles":["YryPhaseStrip — computed.parsedPhases"],"fullName":"YryPhaseStrip — computed.parsedPhases 默认值 \"[]\" 返回空数组","status":"passed","title":"默认值 \"[]\" 返回空数组","duration":19.70024999999987,"failureMessages":[],"meta":{}},{"ancestorTitles":["YryPhaseStrip — computed.parsedPhases"],"fullName":"YryPhaseStrip — computed.parsedPhases render phases 名称","status":"passed","title":"render phases 名称","duration":10.914499999999862,"failureMessages":[],"meta":{}}],"startTime":1782176801851,"endTime":1782176801937.9146,"status":"passed","message":"","name":"/Users/ruiyi/Yi/YrY/cdn/tests/yry-phase-strip.test.mjs"},{"assertionResults":[{"ancestorTitles":["YryProgressBar — 渲染"],"fullName":"YryProgressBar — 渲染 render label","status":"passed","title":"render label","duration":33.39883299999974,"failureMessages":[],"meta":{}},{"ancestorTitles":["YryProgressBar — 渲染"],"fullName":"YryProgressBar — 渲染 默认 label 为 \"进度\"","status":"passed","title":"默认 label 为 \"进度\"","duration":1.4589999999998327,"failureMessages":[],"meta":{}},{"ancestorTitles":["YryProgressBar — computed.pct"],"fullName":"YryProgressBar — computed.pct done=0/total=0 → 0%","status":"passed","title":"done=0/total=0 → 0%","duration":16.70595800000001,"failureMessages":[],"meta":{}},{"ancestorTitles":["YryProgressBar — computed.pct"],"fullName":"YryProgressBar — computed.pct done=5/total=10 → 50%","status":"passed","title":"done=5/total=10 → 50%","duration":1.0419160000001284,"failureMessages":[],"meta":{}},{"ancestorTitles":["YryProgressBar — computed.pct"],"fullName":"YryProgressBar — computed.pct done=10/total=10 → 100%","status":"passed","title":"done=10/total=10 → 100%","duration":0.7155830000001515,"failureMessages":[],"meta":{}},{"ancestorTitles":["YryProgressBar — computed.pct"],"fullName":"YryProgressBar — computed.pct done=3/total=7 → 43%(四舍五入)","status":"passed","title":"done=3/total=7 → 43%(四舍五入)","duration":0.5296659999999065,"failureMessages":[],"meta":{}},{"ancestorTitles":["YryProgressBar — computed.pct"],"fullName":"YryProgressBar — computed.pct done=1/total=3 → 33%(四舍五入)","status":"passed","title":"done=1/total=3 → 33%(四舍五入)","duration":0.4555000000000291,"failureMessages":[],"meta":{}},{"ancestorTitles":["YryProgressBar — computed.pct"],"fullName":"YryProgressBar — computed.pct total=0 时 pct=0(防除零)","status":"passed","title":"total=0 时 pct=0(防除零)","duration":0.4752920000000813,"failureMessages":[],"meta":{}},{"ancestorTitles":["YryProgressBar — computed.pct"],"fullName":"YryProgressBar — computed.pct done > total 时 pct 可超 100","status":"passed","title":"done > total 时 pct 可超 100","duration":0.5251670000002377,"failureMessages":[],"meta":{}}],"startTime":1782176806431,"endTime":1782176806486.5251,"status":"passed","message":"","name":"/Users/ruiyi/Yi/YrY/cdn/tests/yry-progress-bar.test.mjs"},{"assertionResults":[{"ancestorTitles":["YryQuickstart — 渲染"],"fullName":"YryQuickstart — 渲染 render cmd","status":"passed","title":"render cmd","duration":32.62929199999962,"failureMessages":[],"meta":{}},{"ancestorTitles":["YryQuickstart — 渲染"],"fullName":"YryQuickstart — 渲染 tip 通过 v-html 渲染","status":"passed","title":"tip 通过 v-html 渲染","duration":2.4970000000002983,"failureMessages":[],"meta":{}},{"ancestorTitles":["YryQuickstart — 渲染"],"fullName":"YryQuickstart — 渲染 默认 tip/cmd 为空字符串","status":"passed","title":"默认 tip/cmd 为空字符串","duration":0.7448749999994106,"failureMessages":[],"meta":{}},{"ancestorTitles":["YryQuickstart — 渲染"],"fullName":"YryQuickstart — 渲染 同时 render tip + cmd","status":"passed","title":"同时 render tip + cmd","duration":2.158374999999978,"failureMessages":[],"meta":{}}],"startTime":1782176811770,"endTime":1782176811807.1584,"status":"passed","message":"","name":"/Users/ruiyi/Yi/YrY/cdn/tests/yry-quickstart.test.mjs"},{"assertionResults":[{"ancestorTitles":["YryRiskCatCard — 渲染"],"fullName":"YryRiskCatCard — 渲染 render icon + name + count","status":"passed","title":"render icon + name + count","duration":28.230916999999863,"failureMessages":[],"meta":{}},{"ancestorTitles":["YryRiskCatCard — 渲染"],"fullName":"YryRiskCatCard — 渲染 默认 hot=false","status":"passed","title":"默认 hot=false","duration":1.381750000000011,"failureMessages":[],"meta":{}},{"ancestorTitles":["YryRiskCatCard — 渲染"],"fullName":"YryRiskCatCard — 渲染 hot=true 渲染热点样式","status":"passed","title":"hot=true 渲染热点样式","duration":1.4046250000001237,"failureMessages":[],"meta":{}},{"ancestorTitles":["YryRiskCatCard — 渲染"],"fullName":"YryRiskCatCard — 渲染 render badge","status":"passed","title":"render badge","duration":3.401083000000199,"failureMessages":[],"meta":{}},{"ancestorTitles":["YryRiskCatCard — 渲染"],"fullName":"YryRiskCatCard — 渲染 默认 progressWidth=\"50%\"","status":"passed","title":"默认 progressWidth=\"50%\"","duration":2.887666999999965,"failureMessages":[],"meta":{}},{"ancestorTitles":["YryRiskCatCard — 渲染"],"fullName":"YryRiskCatCard — 渲染 默认 progressColor=\"#f59e0b\"","status":"passed","title":"默认 progressColor=\"#f59e0b\"","duration":1.368416000000252,"failureMessages":[],"meta":{}},{"ancestorTitles":["YryRiskCatCard — computed.parsedMetrics"],"fullName":"YryRiskCatCard — computed.parsedMetrics 合法 JSON 解析","status":"passed","title":"合法 JSON 解析","duration":4.447375000000193,"failureMessages":[],"meta":{}},{"ancestorTitles":["YryRiskCatCard — computed.parsedMetrics"],"fullName":"YryRiskCatCard — computed.parsedMetrics 非法 JSON 返回空数组","status":"passed","title":"非法 JSON 返回空数组","duration":1.7541660000001684,"failureMessages":[],"meta":{}}],"startTime":1782176789562,"endTime":1782176789607.7542,"status":"passed","message":"","name":"/Users/ruiyi/Yi/YrY/cdn/tests/yry-risk-cat-card.test.mjs"},{"assertionResults":[{"ancestorTitles":["YryRiskMatrix — 默认 props"],"fullName":"YryRiskMatrix — 默认 props 默认 colLabels 5 项","status":"passed","title":"默认 colLabels 5 项","duration":23.483832999999777,"failureMessages":[],"meta":{}},{"ancestorTitles":["YryRiskMatrix — 默认 props"],"fullName":"YryRiskMatrix — 默认 props 默认 rowLabels 5 项","status":"passed","title":"默认 rowLabels 5 项","duration":1.9789580000001479,"failureMessages":[],"meta":{}},{"ancestorTitles":["YryRiskMatrix — 默认 props"],"fullName":"YryRiskMatrix — 默认 props 默认 severityAxis=\"↑ 严重度\"","status":"passed","title":"默认 severityAxis=\"↑ 严重度\"","duration":3.904041000000234,"failureMessages":[],"meta":{}},{"ancestorTitles":["YryRiskMatrix — 默认 props"],"fullName":"YryRiskMatrix — 默认 props 默认 likelihoodAxis=\"可能性 →\"","status":"passed","title":"默认 likelihoodAxis=\"可能性 →\"","duration":1.584957999999915,"failureMessages":[],"meta":{}},{"ancestorTitles":["YryRiskMatrix — computed.parsedCells"],"fullName":"YryRiskMatrix — computed.parsedCells 合法 JSON 解析","status":"passed","title":"合法 JSON 解析","duration":1.7881250000000364,"failureMessages":[],"meta":{}},{"ancestorTitles":["YryRiskMatrix — computed.parsedCells"],"fullName":"YryRiskMatrix — computed.parsedCells 非法 JSON 返回空数组","status":"passed","title":"非法 JSON 返回空数组","duration":2.3065410000003794,"failureMessages":[],"meta":{}},{"ancestorTitles":["YryRiskMatrix — computed.parsedCells"],"fullName":"YryRiskMatrix — computed.parsedCells 空字符串返回空数组","status":"passed","title":"空字符串返回空数组","duration":1.3561249999997926,"failureMessages":[],"meta":{}},{"ancestorTitles":["YryRiskMatrix — 轴标签渲染"],"fullName":"YryRiskMatrix — 轴标签渲染 render severity axis","status":"passed","title":"render severity axis","duration":8.53399999999965,"failureMessages":[],"meta":{}},{"ancestorTitles":["YryRiskMatrix — 轴标签渲染"],"fullName":"YryRiskMatrix — 轴标签渲染 render likelihood axis","status":"passed","title":"render likelihood axis","duration":3.976415999999972,"failureMessages":[],"meta":{}}],"startTime":1782176786248,"endTime":1782176786297.9763,"status":"passed","message":"","name":"/Users/ruiyi/Yi/YrY/cdn/tests/yry-risk-matrix.test.mjs"},{"assertionResults":[{"ancestorTitles":["YryRiskRow — 基础渲染"],"fullName":"YryRiskRow — 基础渲染 render name + owner","status":"passed","title":"render name + owner","duration":36.304833000000144,"failureMessages":[],"meta":{}},{"ancestorTitles":["YryRiskRow — 基础渲染"],"fullName":"YryRiskRow — 基础渲染 默认 status=pass","status":"passed","title":"默认 status=pass","duration":1.6271669999996448,"failureMessages":[],"meta":{}},{"ancestorTitles":["YryRiskRow — 基础渲染"],"fullName":"YryRiskRow — 基础渲染 scoreLevel 默认 low","status":"passed","title":"scoreLevel 默认 low","duration":1.0198749999999563,"failureMessages":[],"meta":{}},{"ancestorTitles":["YryRiskRow — computed JSON 解析"],"fullName":"YryRiskRow — computed JSON 解析 parsedDetails 解析详情数组","status":"passed","title":"parsedDetails 解析详情数组","duration":3.3474590000000717,"failureMessages":[],"meta":{}},{"ancestorTitles":["YryRiskRow — computed JSON 解析"],"fullName":"YryRiskRow — computed JSON 解析 parsedPlan 解析步骤数组","status":"passed","title":"parsedPlan 解析步骤数组","duration":2.2758749999998145,"failureMessages":[],"meta":{}},{"ancestorTitles":["YryRiskRow — computed JSON 解析"],"fullName":"YryRiskRow — computed JSON 解析 parsedTimeline 解析时间线","status":"passed","title":"parsedTimeline 解析时间线","duration":1.4850830000000315,"failureMessages":[],"meta":{}},{"ancestorTitles":["YryRiskRow — computed JSON 解析"],"fullName":"YryRiskRow — computed JSON 解析 非法 JSON 各 computed 返回空数组","status":"passed","title":"非法 JSON 各 computed 返回空数组","duration":2.64449999999988,"failureMessages":[],"meta":{}},{"ancestorTitles":["YryRiskRow — computed JSON 解析"],"fullName":"YryRiskRow — computed JSON 解析 空字符串返回空数组","status":"passed","title":"空字符串返回空数组","duration":1.4125410000001466,"failureMessages":[],"meta":{}}],"startTime":1782176786229,"endTime":1782176786279.4126,"status":"passed","message":"","name":"/Users/ruiyi/Yi/YrY/cdn/tests/yry-risk-row.test.mjs"},{"assertionResults":[{"ancestorTitles":["YrySceneCard — 渲染"],"fullName":"YrySceneCard — 渲染 render 必填 name","status":"passed","title":"render 必填 name","duration":23.555249999999887,"failureMessages":[],"meta":{}},{"ancestorTitles":["YrySceneCard — 渲染"],"fullName":"YrySceneCard — 渲染 render num + name","status":"passed","title":"render num + name","duration":4.596000000000004,"failureMessages":[],"meta":{}},{"ancestorTitles":["YrySceneCard — 渲染"],"fullName":"YrySceneCard — 渲染 desc 通过 v-html 渲染","status":"passed","title":"desc 通过 v-html 渲染","duration":3.5912499999999454,"failureMessages":[],"meta":{}},{"ancestorTitles":["YrySceneCard — computed.deliveryLinks"],"fullName":"YrySceneCard — computed.deliveryLinks meta 为空时返回默认 7 个交付物图标","status":"passed","title":"meta 为空时返回默认 7 个交付物图标","duration":2.3645839999999225,"failureMessages":[],"meta":{}},{"ancestorTitles":["YrySceneCard — computed.deliveryLinks"],"fullName":"YrySceneCard — computed.deliveryLinks meta 提供部分链接时,缺失的用默认图标补齐","status":"passed","title":"meta 提供部分链接时,缺失的用默认图标补齐","duration":1.7672919999999976,"failureMessages":[],"meta":{}},{"ancestorTitles":["YrySceneCard — computed.deliveryLinks"],"fullName":"YrySceneCard — computed.deliveryLinks meta 提供所有 7 个链接时,全部使用 meta 值","status":"passed","title":"meta 提供所有 7 个链接时,全部使用 meta 值","duration":1.168999999999869,"failureMessages":[],"meta":{}}],"startTime":1782176789406,"endTime":1782176789443.169,"status":"passed","message":"","name":"/Users/ruiyi/Yi/YrY/cdn/tests/yry-scene-card.test.mjs"},{"assertionResults":[{"ancestorTitles":["YrySceneChrome — 渲染"],"fullName":"YrySceneChrome — 渲染 默认 theme=a","status":"passed","title":"默认 theme=a","duration":169.81449999999995,"failureMessages":[],"meta":{}},{"ancestorTitles":["YrySceneChrome — 渲染"],"fullName":"YrySceneChrome — 渲染 render title with {ACCENT} placeholder removed (titleAccent 作为标志)","status":"passed","title":"render title with {ACCENT} placeholder removed (titleAccent 作为标志)","duration":13.82245899999998,"failureMessages":[],"meta":{}},{"ancestorTitles":["YrySceneChrome — 渲染"],"fullName":"YrySceneChrome — 渲染 无 titleAccent 时 render title 原文","status":"passed","title":"无 titleAccent 时 render title 原文","duration":3.4617080000002716,"failureMessages":[],"meta":{}},{"ancestorTitles":["YrySceneChrome — 渲染"],"fullName":"YrySceneChrome — 渲染 render subtitle","status":"passed","title":"render subtitle","duration":32.58533299999999,"failureMessages":[],"meta":{}},{"ancestorTitles":["YrySceneChrome — 渲染"],"fullName":"YrySceneChrome — 渲染 toolbar 通过 v-html 渲染","status":"passed","title":"toolbar 通过 v-html 渲染","duration":3.802791999999954,"failureMessages":[],"meta":{}},{"ancestorTitles":["YrySceneChrome — computed"],"fullName":"YrySceneChrome — computed parsedBc 解析面包屑","status":"passed","title":"parsedBc 解析面包屑","duration":1.8122090000001663,"failureMessages":[],"meta":{}},{"ancestorTitles":["YrySceneChrome — computed"],"fullName":"YrySceneChrome — computed parsedCn 解析横向导航","status":"passed","title":"parsedCn 解析横向导航","duration":2.5122920000003433,"failureMessages":[],"meta":{}},{"ancestorTitles":["YrySceneChrome — computed"],"fullName":"YrySceneChrome — computed 非法 JSON 返回空数组","status":"passed","title":"非法 JSON 返回空数组","duration":1.904207999999926,"failureMessages":[],"meta":{}}],"startTime":1782176782055,"endTime":1782176782288.9043,"status":"passed","message":"","name":"/Users/ruiyi/Yi/YrY/cdn/tests/yry-scene-chrome.test.mjs"},{"assertionResults":[{"ancestorTitles":["YrySceneFooter — 渲染"],"fullName":"YrySceneFooter — 渲染 render version + date","status":"passed","title":"render version + date","duration":18.643082999999933,"failureMessages":[],"meta":{}},{"ancestorTitles":["YrySceneFooter — 渲染"],"fullName":"YrySceneFooter — 渲染 docsLink 渲染为链接","status":"passed","title":"docsLink 渲染为链接","duration":2.402375000000575,"failureMessages":[],"meta":{}},{"ancestorTitles":["YrySceneFooter — 渲染"],"fullName":"YrySceneFooter — 渲染 所有 prop 默认空字符串","status":"passed","title":"所有 prop 默认空字符串","duration":1.8642500000005384,"failureMessages":[],"meta":{}}],"startTime":1782176811845,"endTime":1782176811868.8643,"status":"passed","message":"","name":"/Users/ruiyi/Yi/YrY/cdn/tests/yry-scene-footer.test.mjs"},{"assertionResults":[{"ancestorTitles":["YrySceneHeader — 渲染"],"fullName":"YrySceneHeader — 渲染 render icon + titlePrefix","status":"passed","title":"render icon + titlePrefix","duration":24.24670799999967,"failureMessages":[],"meta":{}},{"ancestorTitles":["YrySceneHeader — 渲染"],"fullName":"YrySceneHeader — 渲染 accent 渲染强调样式","status":"passed","title":"accent 渲染强调样式","duration":3.385334000000512,"failureMessages":[],"meta":{}},{"ancestorTitles":["YrySceneHeader — 渲染"],"fullName":"YrySceneHeader — 渲染 meta 通过文本插值渲染","status":"passed","title":"meta 通过文本插值渲染","duration":1.412333000000217,"failureMessages":[],"meta":{}},{"ancestorTitles":["YrySceneHeader — 渲染"],"fullName":"YrySceneHeader — 渲染 desc 通过文本插值渲染","status":"passed","title":"desc 通过文本插值渲染","duration":2.4030839999995806,"failureMessages":[],"meta":{}},{"ancestorTitles":["YrySceneHeader — 渲染"],"fullName":"YrySceneHeader — 渲染 所有 prop 默认空字符串","status":"passed","title":"所有 prop 默认空字符串","duration":0.9311250000000655,"failureMessages":[],"meta":{}}],"startTime":1782176812106,"endTime":1782176812137.9312,"status":"passed","message":"","name":"/Users/ruiyi/Yi/YrY/cdn/tests/yry-scene-header.test.mjs"},{"assertionResults":[{"ancestorTitles":["YrySceneHealthBar — computed.parsedSegments"],"fullName":"YrySceneHealthBar — computed.parsedSegments 合法 JSON 数组解析","status":"passed","title":"合法 JSON 数组解析","duration":88.69470799999999,"failureMessages":[],"meta":{}},{"ancestorTitles":["YrySceneHealthBar — computed.parsedSegments"],"fullName":"YrySceneHealthBar — computed.parsedSegments 非法 JSON 返回空数组","status":"passed","title":"非法 JSON 返回空数组","duration":5.32254200000034,"failureMessages":[],"meta":{}},{"ancestorTitles":["YrySceneHealthBar — computed.parsedSegments"],"fullName":"YrySceneHealthBar — computed.parsedSegments 空字符串返回空数组","status":"passed","title":"空字符串返回空数组","duration":1.4617499999999382,"failureMessages":[],"meta":{}},{"ancestorTitles":["YrySceneHealthBar — computed.parsedSegments"],"fullName":"YrySceneHealthBar — computed.parsedSegments 默认值 \"[]\" 返回空数组","status":"passed","title":"默认值 \"[]\" 返回空数组","duration":14.306125000000065,"failureMessages":[],"meta":{}},{"ancestorTitles":["YrySceneHealthBar — computed.parsedSegments"],"fullName":"YrySceneHealthBar — computed.parsedSegments render segments(使用 cls + pct)","status":"passed","title":"render segments(使用 cls + pct)","duration":129.84604200000012,"failureMessages":[],"meta":{}}],"startTime":1782176806125,"endTime":1782176806364.846,"status":"passed","message":"","name":"/Users/ruiyi/Yi/YrY/cdn/tests/yry-scene-health-bar.test.mjs"},{"assertionResults":[{"ancestorTitles":["YrySceneNav — 渲染"],"fullName":"YrySceneNav — 渲染 空 items 渲染空","status":"passed","title":"空 items 渲染空","duration":105.4228750000002,"failureMessages":[],"meta":{}},{"ancestorTitles":["YrySceneNav — 渲染"],"fullName":"YrySceneNav — 渲染 render 单项","status":"passed","title":"render 单项","duration":8.034499999999753,"failureMessages":[],"meta":{}},{"ancestorTitles":["YrySceneNav — 渲染"],"fullName":"YrySceneNav — 渲染 render 多项","status":"passed","title":"render 多项","duration":8.700208999999631,"failureMessages":[],"meta":{}},{"ancestorTitles":["YrySceneNav — 渲染"],"fullName":"YrySceneNav — 渲染 默认 separator=\"·\"","status":"passed","title":"默认 separator=\"·\"","duration":22.128625000000284,"failureMessages":[],"meta":{}},{"ancestorTitles":["YrySceneNav — 渲染"],"fullName":"YrySceneNav — 渲染 自定义 separator","status":"passed","title":"自定义 separator","duration":19.333582999999635,"failureMessages":[],"meta":{}}],"startTime":1782176794270,"endTime":1782176794435.3335,"status":"passed","message":"","name":"/Users/ruiyi/Yi/YrY/cdn/tests/yry-scene-nav.test.mjs"},{"assertionResults":[{"ancestorTitles":["YrySceneStats — computed.parsedItems"],"fullName":"YrySceneStats — computed.parsedItems 合法 JSON 解析","status":"passed","title":"合法 JSON 解析","duration":16.96870799999988,"failureMessages":[],"meta":{}},{"ancestorTitles":["YrySceneStats — computed.parsedItems"],"fullName":"YrySceneStats — computed.parsedItems 非法 JSON 返回空数组","status":"passed","title":"非法 JSON 返回空数组","duration":3.4748329999997623,"failureMessages":[],"meta":{}},{"ancestorTitles":["YrySceneStats — computed.parsedItems"],"fullName":"YrySceneStats — computed.parsedItems 空字符串返回空数组","status":"passed","title":"空字符串返回空数组","duration":0.706166999999823,"failureMessages":[],"meta":{}},{"ancestorTitles":["YrySceneStats — computed.parsedItems"],"fullName":"YrySceneStats — computed.parsedItems 默认值 \"[]\" 返回空数组","status":"passed","title":"默认值 \"[]\" 返回空数组","duration":0.4980839999998352,"failureMessages":[],"meta":{}},{"ancestorTitles":["YrySceneStats — computed.parsedItems"],"fullName":"YrySceneStats — computed.parsedItems render items 值","status":"passed","title":"render items 值","duration":4.284500000000207,"failureMessages":[],"meta":{}}],"startTime":1782176802634,"endTime":1782176802660.2844,"status":"passed","message":"","name":"/Users/ruiyi/Yi/YrY/cdn/tests/yry-scene-stats.test.mjs"},{"assertionResults":[{"ancestorTitles":["YrySceneTabs — data"],"fullName":"YrySceneTabs — data 初始 activeIdx=0","status":"passed","title":"初始 activeIdx=0","duration":34.05787499999951,"failureMessages":[],"meta":{}},{"ancestorTitles":["YrySceneTabs — computed.parsedTabs"],"fullName":"YrySceneTabs — computed.parsedTabs 合法 JSON 解析","status":"passed","title":"合法 JSON 解析","duration":9.056582999999591,"failureMessages":[],"meta":{}},{"ancestorTitles":["YrySceneTabs — computed.parsedTabs"],"fullName":"YrySceneTabs — computed.parsedTabs 非法 JSON 返回空数组","status":"passed","title":"非法 JSON 返回空数组","duration":2.3042080000004717,"failureMessages":[],"meta":{}},{"ancestorTitles":["YrySceneTabs — computed.parsedTabs"],"fullName":"YrySceneTabs — computed.parsedTabs 空字符串返回空数组","status":"passed","title":"空字符串返回空数组","duration":1.7114160000000993,"failureMessages":[],"meta":{}},{"ancestorTitles":["YrySceneTabs — computed.parsedTabs"],"fullName":"YrySceneTabs — computed.parsedTabs render tabs label","status":"passed","title":"render tabs label","duration":6.730249999999614,"failureMessages":[],"meta":{}}],"startTime":1782176794202,"endTime":1782176794255.7302,"status":"passed","message":"","name":"/Users/ruiyi/Yi/YrY/cdn/tests/yry-scene-tabs.test.mjs"},{"assertionResults":[{"ancestorTitles":["YryScorecard — computed JSON 解析"],"fullName":"YryScorecard — computed JSON 解析 parsedColumns 解析列定义","status":"passed","title":"parsedColumns 解析列定义","duration":21.694833000000017,"failureMessages":[],"meta":{}},{"ancestorTitles":["YryScorecard — computed JSON 解析"],"fullName":"YryScorecard — computed JSON 解析 parsedRows 解析行数据","status":"passed","title":"parsedRows 解析行数据","duration":3.938792000000376,"failureMessages":[],"meta":{}},{"ancestorTitles":["YryScorecard — computed JSON 解析"],"fullName":"YryScorecard — computed JSON 解析 parsedTotal 解析汇总行","status":"passed","title":"parsedTotal 解析汇总行","duration":3.11587499999996,"failureMessages":[],"meta":{}},{"ancestorTitles":["YryScorecard — computed JSON 解析"],"fullName":"YryScorecard — computed JSON 解析 非法 JSON 返回空数组","status":"passed","title":"非法 JSON 返回空数组","duration":2.614332999999988,"failureMessages":[],"meta":{}},{"ancestorTitles":["YryScorecard — methods.cellText"],"fullName":"YryScorecard — methods.cellText null/undefined 返回空字符串","status":"passed","title":"null/undefined 返回空字符串","duration":2.3879580000002534,"failureMessages":[],"meta":{}},{"ancestorTitles":["YryScorecard — methods.cellText"],"fullName":"YryScorecard — methods.cellText boolean true → ✓","status":"passed","title":"boolean true → ✓","duration":1.470166000000063,"failureMessages":[],"meta":{}},{"ancestorTitles":["YryScorecard — methods.cellText"],"fullName":"YryScorecard — methods.cellText boolean false → ✗","status":"passed","title":"boolean false → ✗","duration":2.116208999999799,"failureMessages":[],"meta":{}},{"ancestorTitles":["YryScorecard — methods.cellText"],"fullName":"YryScorecard — methods.cellText 对象 {text: \"x\"} 返回 text","status":"passed","title":"对象 {text: \"x\"} 返回 text","duration":0.6270410000001903,"failureMessages":[],"meta":{}},{"ancestorTitles":["YryScorecard — methods.cellText"],"fullName":"YryScorecard — methods.cellText 对象无 text 属性返回空","status":"passed","title":"对象无 text 属性返回空","duration":0.448790999999801,"failureMessages":[],"meta":{}},{"ancestorTitles":["YryScorecard — methods.cellText"],"fullName":"YryScorecard — methods.cellText 数字转字符串","status":"passed","title":"数字转字符串","duration":0.47937499999989086,"failureMessages":[],"meta":{}},{"ancestorTitles":["YryScorecard — methods.cellText"],"fullName":"YryScorecard — methods.cellText 字符串直接返回","status":"passed","title":"字符串直接返回","duration":0.38766599999962637,"failureMessages":[],"meta":{}},{"ancestorTitles":["YryScorecard — methods.cellClass"],"fullName":"YryScorecard — methods.cellClass 对象带 status 返回 status","status":"passed","title":"对象带 status 返回 status","duration":0.5519589999998971,"failureMessages":[],"meta":{}},{"ancestorTitles":["YryScorecard — methods.cellClass"],"fullName":"YryScorecard — methods.cellClass boolean true → pass","status":"passed","title":"boolean true → pass","duration":0.3867089999998825,"failureMessages":[],"meta":{}},{"ancestorTitles":["YryScorecard — methods.cellClass"],"fullName":"YryScorecard — methods.cellClass boolean false → fail","status":"passed","title":"boolean false → fail","duration":1.1993750000001455,"failureMessages":[],"meta":{}},{"ancestorTitles":["YryScorecard — methods.cellClass"],"fullName":"YryScorecard — methods.cellClass null 返回空字符串","status":"passed","title":"null 返回空字符串","duration":0.5320000000001528,"failureMessages":[],"meta":{}},{"ancestorTitles":["YryScorecard — methods.cellClass"],"fullName":"YryScorecard — methods.cellClass 对象无 status 返回空字符串","status":"passed","title":"对象无 status 返回空字符串","duration":0.3634999999999309,"failureMessages":[],"meta":{}}],"startTime":1782176802814,"endTime":1782176802857.3635,"status":"passed","message":"","name":"/Users/ruiyi/Yi/YrY/cdn/tests/yry-scorecard.test.mjs"},{"assertionResults":[{"ancestorTitles":["YrySelfImprovePanel — data 初始状态"],"fullName":"YrySelfImprovePanel — data 初始状态 初始 siData=null","status":"passed","title":"初始 siData=null","duration":40.439416000000165,"failureMessages":[],"meta":{}},{"ancestorTitles":["YrySelfImprovePanel — data 初始状态"],"fullName":"YrySelfImprovePanel — data 初始状态 初始 siRaw 为空数组","status":"passed","title":"初始 siRaw 为空数组","duration":1.9258750000003602,"failureMessages":[],"meta":{}},{"ancestorTitles":["YrySelfImprovePanel — data 初始状态"],"fullName":"YrySelfImprovePanel — data 初始状态 初始 siPeriod=\"daily\"","status":"passed","title":"初始 siPeriod=\"daily\"","duration":4.923667000000023,"failureMessages":[],"meta":{}},{"ancestorTitles":["YrySelfImprovePanel — data 初始状态"],"fullName":"YrySelfImprovePanel — data 初始状态 初始 loading=false","status":"passed","title":"初始 loading=false","duration":1.5699580000000424,"failureMessages":[],"meta":{}},{"ancestorTitles":["YrySelfImprovePanel — data 初始状态"],"fullName":"YrySelfImprovePanel — data 初始状态 初始 error=null","status":"passed","title":"初始 error=null","duration":2.0344999999997526,"failureMessages":[],"meta":{}},{"ancestorTitles":["YrySelfImprovePanel — data 初始状态"],"fullName":"YrySelfImprovePanel — data 初始状态 siPeriod 可切换","status":"passed","title":"siPeriod 可切换","duration":2.435791999999765,"failureMessages":[],"meta":{}},{"ancestorTitles":["YrySelfImprovePanel — data 初始状态"],"fullName":"YrySelfImprovePanel — data 初始状态 siPeriod 可设为 monthly","status":"passed","title":"siPeriod 可设为 monthly","duration":2.5274999999996908,"failureMessages":[],"meta":{}}],"startTime":1782176786167,"endTime":1782176786222.5276,"status":"passed","message":"","name":"/Users/ruiyi/Yi/YrY/cdn/tests/yry-selfimprove-panel.test.mjs"},{"assertionResults":[{"ancestorTitles":["YryStatsGrid — 渲染"],"fullName":"YryStatsGrid — 渲染 空 items 渲染空","status":"passed","title":"空 items 渲染空","duration":52.724959000000126,"failureMessages":[],"meta":{}},{"ancestorTitles":["YryStatsGrid — 渲染"],"fullName":"YryStatsGrid — 渲染 render 单项","status":"passed","title":"render 单项","duration":9.150333000000046,"failureMessages":[],"meta":{}},{"ancestorTitles":["YryStatsGrid — 渲染"],"fullName":"YryStatsGrid — 渲染 render 多项","status":"passed","title":"render 多项","duration":5.2040420000003,"failureMessages":[],"meta":{}},{"ancestorTitles":["YryStatsGrid — 渲染"],"fullName":"YryStatsGrid — 渲染 render value + label + sub","status":"passed","title":"render value + label + sub","duration":1.8193750000000364,"failureMessages":[],"meta":{}}],"startTime":1782176802104,"endTime":1782176802172.8193,"status":"passed","message":"","name":"/Users/ruiyi/Yi/YrY/cdn/tests/yry-stats-grid.test.mjs"},{"assertionResults":[{"ancestorTitles":["YryStepCard — 基础渲染"],"fullName":"YryStepCard — 基础渲染 render num + title","status":"passed","title":"render num + title","duration":270.0837080000001,"failureMessages":[],"meta":{}},{"ancestorTitles":["YryStepCard — 基础渲染"],"fullName":"YryStepCard — 基础渲染 默认 status=pending","status":"passed","title":"默认 status=pending","duration":4.667707999999948,"failureMessages":[],"meta":{}},{"ancestorTitles":["YryStepCard — 基础渲染"],"fullName":"YryStepCard — 基础渲染 summary 通过 v-html 渲染","status":"passed","title":"summary 通过 v-html 渲染","duration":12.577125000000251,"failureMessages":[],"meta":{}},{"ancestorTitles":["YryStepCard — computed JSON 解析"],"fullName":"YryStepCard — computed JSON 解析 parsedMeta 解析数组","status":"passed","title":"parsedMeta 解析数组","duration":7.304500000000189,"failureMessages":[],"meta":{}},{"ancestorTitles":["YryStepCard — computed JSON 解析"],"fullName":"YryStepCard — computed JSON 解析 parsedCriteria 解析字符串数组","status":"passed","title":"parsedCriteria 解析字符串数组","duration":6.378624999999829,"failureMessages":[],"meta":{}},{"ancestorTitles":["YryStepCard — computed JSON 解析"],"fullName":"YryStepCard — computed JSON 解析 parsedDeps 解析对象数组","status":"passed","title":"parsedDeps 解析对象数组","duration":3.727665999999772,"failureMessages":[],"meta":{}},{"ancestorTitles":["YryStepCard — computed JSON 解析"],"fullName":"YryStepCard — computed JSON 解析 parsedLog 解析日志","status":"passed","title":"parsedLog 解析日志","duration":8.89599999999973,"failureMessages":[],"meta":{}},{"ancestorTitles":["YryStepCard — computed JSON 解析"],"fullName":"YryStepCard — computed JSON 解析 非法 JSON 各 computed 返回空数组","status":"passed","title":"非法 JSON 各 computed 返回空数组","duration":11.485083000000031,"failureMessages":[],"meta":{}},{"ancestorTitles":["YryStepCard — data 初始状态"],"fullName":"YryStepCard — data 初始状态 初始 open 为 false","status":"passed","title":"初始 open 为 false","duration":1.025333000000046,"failureMessages":[],"meta":{}},{"ancestorTitles":["YryStepCard — data 初始状态"],"fullName":"YryStepCard — data 初始状态 checked 默认 false","status":"passed","title":"checked 默认 false","duration":1.0712919999996302,"failureMessages":[],"meta":{}},{"ancestorTitles":["YryStepCard — data 初始状态"],"fullName":"YryStepCard — data 初始状态 checked 可通过 props 设置","status":"passed","title":"checked 可通过 props 设置","duration":6.163125000000036,"failureMessages":[],"meta":{}}],"startTime":1782176781986,"endTime":1782176782321.163,"status":"passed","message":"","name":"/Users/ruiyi/Yi/YrY/cdn/tests/yry-step-card.test.mjs"},{"assertionResults":[{"ancestorTitles":["YryStoryCardList — 渲染"],"fullName":"YryStoryCardList — 渲染 空 summary + stories 渲染空","status":"passed","title":"空 summary + stories 渲染空","duration":65.27300000000014,"failureMessages":[],"meta":{}},{"ancestorTitles":["YryStoryCardList — 渲染"],"fullName":"YryStoryCardList — 渲染 render summary 摘要条","status":"passed","title":"render summary 摘要条","duration":3.0767500000001746,"failureMessages":[],"meta":{}},{"ancestorTitles":["YryStoryCardList — 渲染"],"fullName":"YryStoryCardList — 渲染 render stories 故事列表","status":"passed","title":"render stories 故事列表","duration":2.7285829999996167,"failureMessages":[],"meta":{}},{"ancestorTitles":["YryStoryCardList — 渲染"],"fullName":"YryStoryCardList — 渲染 默认 summary/stories 为空数组","status":"passed","title":"默认 summary/stories 为空数组","duration":1.2507500000001528,"failureMessages":[],"meta":{}},{"ancestorTitles":["YryStoryCardList — 渲染"],"fullName":"YryStoryCardList — 渲染 render stories 场景标签","status":"passed","title":"render stories 场景标签","duration":18.001875000000382,"failureMessages":[],"meta":{}}],"startTime":1782176798270,"endTime":1782176798360.002,"status":"passed","message":"","name":"/Users/ruiyi/Yi/YrY/cdn/tests/yry-story-card-list.test.mjs"},{"assertionResults":[{"ancestorTitles":["YryStoryCard — 组件渲染测试"],"fullName":"YryStoryCard — 组件渲染测试 模板已提取","status":"passed","title":"模板已提取","duration":0.8085000000000946,"failureMessages":[],"meta":{}},{"ancestorTitles":["YryStoryCard — 组件渲染测试"],"fullName":"YryStoryCard — 组件渲染测试 render 必填 name prop","status":"passed","title":"render 必填 name prop","duration":54.13362499999994,"failureMessages":[],"meta":{}},{"ancestorTitles":["YryStoryCard — 组件渲染测试"],"fullName":"YryStoryCard — 组件渲染测试 render icon + name + badge","status":"passed","title":"render icon + name + badge","duration":5.210500000000138,"failureMessages":[],"meta":{}},{"ancestorTitles":["YryStoryCard — 组件渲染测试"],"fullName":"YryStoryCard — 组件渲染测试 render 场景 tag 列表","status":"passed","title":"render 场景 tag 列表","duration":10.300874999999905,"failureMessages":[],"meta":{}},{"ancestorTitles":["YryStoryCard — 组件渲染测试"],"fullName":"YryStoryCard — 组件渲染测试 desc 通过 v-html 渲染 HTML 内容","status":"passed","title":"desc 通过 v-html 渲染 HTML 内容","duration":2.282582999999704,"failureMessages":[],"meta":{}},{"ancestorTitles":["YryStoryCard — 组件渲染测试"],"fullName":"YryStoryCard — 组件渲染测试 nameHref 渲染为 <a> 链接","status":"passed","title":"nameHref 渲染为 <a> 链接","duration":1.940375000000131,"failureMessages":[],"meta":{}},{"ancestorTitles":["YryStoryCard — 组件渲染测试"],"fullName":"YryStoryCard — 组件渲染测试 name 缺失时 props 校验失败","status":"passed","title":"name 缺失时 props 校验失败","duration":1.743750000000091,"failureMessages":[],"meta":{}}],"startTime":1782176798420,"endTime":1782176798495.7437,"status":"passed","message":"","name":"/Users/ruiyi/Yi/YrY/cdn/tests/yry-story-card.test.mjs"},{"assertionResults":[{"ancestorTitles":["YrySubTitle — 渲染"],"fullName":"YrySubTitle — 渲染 render 必填 text","status":"passed","title":"render 必填 text","duration":32.521999999999935,"failureMessages":[],"meta":{}},{"ancestorTitles":["YrySubTitle — 渲染"],"fullName":"YrySubTitle — 渲染 render icon + text","status":"passed","title":"render icon + text","duration":4.628791000000092,"failureMessages":[],"meta":{}},{"ancestorTitles":["YrySubTitle — 渲染"],"fullName":"YrySubTitle — 渲染 render count","status":"passed","title":"render count","duration":5.819958000000042,"failureMessages":[],"meta":{}},{"ancestorTitles":["YrySubTitle — 渲染"],"fullName":"YrySubTitle — 渲染 icon 默认空字符串","status":"passed","title":"icon 默认空字符串","duration":0.9236249999999018,"failureMessages":[],"meta":{}},{"ancestorTitles":["YrySubTitle — 渲染"],"fullName":"YrySubTitle — 渲染 count 默认空字符串","status":"passed","title":"count 默认空字符串","duration":3.906749999999647,"failureMessages":[],"meta":{}}],"startTime":1782176806327,"endTime":1782176806374.9067,"status":"passed","message":"","name":"/Users/ruiyi/Yi/YrY/cdn/tests/yry-sub-title.test.mjs"},{"assertionResults":[{"ancestorTitles":["YryTagChip — 渲染"],"fullName":"YryTagChip — 渲染 render 必填 text","status":"passed","title":"render 必填 text","duration":36.5182090000003,"failureMessages":[],"meta":{}},{"ancestorTitles":["YryTagChip — 渲染"],"fullName":"YryTagChip — 渲染 默认 modifier 为 info","status":"passed","title":"默认 modifier 为 info","duration":0.8896669999999176,"failureMessages":[],"meta":{}},{"ancestorTitles":["YryTagChip — 渲染"],"fullName":"YryTagChip — 渲染 提供 modifier 时应用到 class","status":"passed","title":"提供 modifier 时应用到 class","duration":1.1868749999998727,"failureMessages":[],"meta":{}},{"ancestorTitles":["YryTagChip — 渲染"],"fullName":"YryTagChip — 渲染 href 提供时渲染为 <a>","status":"passed","title":"href 提供时渲染为 <a>","duration":1.5559579999999187,"failureMessages":[],"meta":{}},{"ancestorTitles":["YryTagChip — 渲染"],"fullName":"YryTagChip — 渲染 href 为空时渲染为 <span> (非 <a>)","status":"passed","title":"href 为空时渲染为 <span> (非 <a>)","duration":1.4167499999998654,"failureMessages":[],"meta":{}},{"ancestorTitles":["YryTagChip — 渲染"],"fullName":"YryTagChip — 渲染 支持各种 modifier 变体","status":"passed","title":"支持各种 modifier 变体","duration":5.478458000000046,"failureMessages":[],"meta":{}}],"startTime":1782176786065,"endTime":1782176786111.4785,"status":"passed","message":"","name":"/Users/ruiyi/Yi/YrY/cdn/tests/yry-tag-chip.test.mjs"},{"assertionResults":[{"ancestorTitles":["YryTrendCard — 渲染"],"fullName":"YryTrendCard — 渲染 render title + axis","status":"passed","title":"render title + axis","duration":81.21079200000077,"failureMessages":[],"meta":{}},{"ancestorTitles":["YryTrendCard — computed.parsedBars"],"fullName":"YryTrendCard — computed.parsedBars 合法 JSON 数组解析","status":"passed","title":"合法 JSON 数组解析","duration":4.910750000000007,"failureMessages":[],"meta":{}},{"ancestorTitles":["YryTrendCard — computed.parsedBars"],"fullName":"YryTrendCard — computed.parsedBars 非法 JSON 返回空数组","status":"passed","title":"非法 JSON 返回空数组","duration":0.9936669999997321,"failureMessages":[],"meta":{}},{"ancestorTitles":["YryTrendCard — computed.parsedBars"],"fullName":"YryTrendCard — computed.parsedBars 空字符串返回空数组","status":"passed","title":"空字符串返回空数组","duration":3.779540999999881,"failureMessages":[],"meta":{}},{"ancestorTitles":["YryTrendCard — computed.parsedBars"],"fullName":"YryTrendCard — computed.parsedBars 默认值 \"[]\" 返回空数组","status":"passed","title":"默认值 \"[]\" 返回空数组","duration":2.2930420000002414,"failureMessages":[],"meta":{}},{"ancestorTitles":["YryTrendCard — computed.parsedBars"],"fullName":"YryTrendCard — computed.parsedBars render bars 值","status":"passed","title":"render bars 值","duration":3.0218329999997877,"failureMessages":[],"meta":{}}],"startTime":1782176794374,"endTime":1782176794470.0217,"status":"passed","message":"","name":"/Users/ruiyi/Yi/YrY/cdn/tests/yry-trend-card.test.mjs"},{"assertionResults":[{"ancestorTitles":["YryVerifyItem — 基础渲染"],"fullName":"YryVerifyItem — 基础渲染 render label","status":"passed","title":"render label","duration":55.729833999999755,"failureMessages":[],"meta":{}},{"ancestorTitles":["YryVerifyItem — 基础渲染"],"fullName":"YryVerifyItem — 基础渲染 默认 status 为 pass","status":"passed","title":"默认 status 为 pass","duration":1.290124999999989,"failureMessages":[],"meta":{}},{"ancestorTitles":["YryVerifyItem — 基础渲染"],"fullName":"YryVerifyItem — 基础渲染 status=fail 渲染失败样式","status":"passed","title":"status=fail 渲染失败样式","duration":1.5604159999998046,"failureMessages":[],"meta":{}},{"ancestorTitles":["YryVerifyItem — computed.parsedSections"],"fullName":"YryVerifyItem — computed.parsedSections 合法 JSON 数组解析","status":"passed","title":"合法 JSON 数组解析","duration":3.889292000000296,"failureMessages":[],"meta":{}},{"ancestorTitles":["YryVerifyItem — computed.parsedSections"],"fullName":"YryVerifyItem — computed.parsedSections 非法 JSON 返回空数组","status":"passed","title":"非法 JSON 返回空数组","duration":3.7199580000001333,"failureMessages":[],"meta":{}},{"ancestorTitles":["YryVerifyItem — computed.parsedSections"],"fullName":"YryVerifyItem — computed.parsedSections 空字符串返回空数组","status":"passed","title":"空字符串返回空数组","duration":1.4695419999998194,"failureMessages":[],"meta":{}},{"ancestorTitles":["YryVerifyItem — type 分支渲染"],"fullName":"YryVerifyItem — type 分支渲染 type=text 渲染文本值","status":"passed","title":"type=text 渲染文本值","duration":1.4904999999998836,"failureMessages":[],"meta":{}},{"ancestorTitles":["YryVerifyItem — type 分支渲染"],"fullName":"YryVerifyItem — type 分支渲染 type=code 渲染 <pre> 包裹","status":"passed","title":"type=code 渲染 <pre> 包裹","duration":1.065708000000086,"failureMessages":[],"meta":{}},{"ancestorTitles":["YryVerifyItem — type 分支渲染"],"fullName":"YryVerifyItem — type 分支渲染 type=list 渲染列表项","status":"passed","title":"type=list 渲染列表项","duration":1.8896660000000338,"failureMessages":[],"meta":{}}],"startTime":1782176798448,"endTime":1782176798520.8896,"status":"passed","message":"","name":"/Users/ruiyi/Yi/YrY/cdn/tests/yry-verify-item.test.mjs"},{"assertionResults":[{"ancestorTitles":["YryVerifyReportFoot — 渲染"],"fullName":"YryVerifyReportFoot — 渲染 summary 通过 v-html 渲染","status":"passed","title":"summary 通过 v-html 渲染","duration":27.860333999999966,"failureMessages":[],"meta":{}},{"ancestorTitles":["YryVerifyReportFoot — computed.parsedSections"],"fullName":"YryVerifyReportFoot — computed.parsedSections 合法 JSON 数组解析","status":"passed","title":"合法 JSON 数组解析","duration":2.0340000000001055,"failureMessages":[],"meta":{}},{"ancestorTitles":["YryVerifyReportFoot — computed.parsedSections"],"fullName":"YryVerifyReportFoot — computed.parsedSections type=list 渲染 items","status":"passed","title":"type=list 渲染 items","duration":2.3860420000000886,"failureMessages":[],"meta":{}},{"ancestorTitles":["YryVerifyReportFoot — computed.parsedSections"],"fullName":"YryVerifyReportFoot — computed.parsedSections 非法 JSON 返回空数组","status":"passed","title":"非法 JSON 返回空数组","duration":1.6291660000001684,"failureMessages":[],"meta":{}},{"ancestorTitles":["YryVerifyReportFoot — computed.parsedSigs"],"fullName":"YryVerifyReportFoot — computed.parsedSigs 合法签名数组解析","status":"passed","title":"合法签名数组解析","duration":2.0754589999996824,"failureMessages":[],"meta":{}},{"ancestorTitles":["YryVerifyReportFoot — computed.parsedSigs"],"fullName":"YryVerifyReportFoot — computed.parsedSigs 非法 JSON 返回空数组","status":"passed","title":"非法 JSON 返回空数组","duration":0.6871249999999236,"failureMessages":[],"meta":{}},{"ancestorTitles":["YryVerifyReportFoot — computed.parsedSigs"],"fullName":"YryVerifyReportFoot — computed.parsedSigs 空字符串返回空数组","status":"passed","title":"空字符串返回空数组","duration":0.514165999999932,"failureMessages":[],"meta":{}}],"startTime":1782176789637,"endTime":1782176789674.5142,"status":"passed","message":"","name":"/Users/ruiyi/Yi/YrY/cdn/tests/yry-verify-report-foot.test.mjs"},{"assertionResults":[{"ancestorTitles":["YryVerifyReportHead — 渲染"],"fullName":"YryVerifyReportHead — 渲染 render title","status":"passed","title":"render title","duration":35.88258300000052,"failureMessages":[],"meta":{}},{"ancestorTitles":["YryVerifyReportHead — computed.parsedItems"],"fullName":"YryVerifyReportHead — computed.parsedItems 合法 JSON 数组解析","status":"passed","title":"合法 JSON 数组解析","duration":15.195624999999382,"failureMessages":[],"meta":{}},{"ancestorTitles":["YryVerifyReportHead — computed.parsedItems"],"fullName":"YryVerifyReportHead — computed.parsedItems 非法 JSON 返回空数组","status":"passed","title":"非法 JSON 返回空数组","duration":2.3903330000002825,"failureMessages":[],"meta":{}},{"ancestorTitles":["YryVerifyReportHead — computed.parsedItems"],"fullName":"YryVerifyReportHead — computed.parsedItems 空字符串返回空数组","status":"passed","title":"空字符串返回空数组","duration":2.269125000000713,"failureMessages":[],"meta":{}},{"ancestorTitles":["YryVerifyReportHead — computed.parsedItems"],"fullName":"YryVerifyReportHead — computed.parsedItems 默认值 \"[]\" 返回空数组","status":"passed","title":"默认值 \"[]\" 返回空数组","duration":0.7515000000003056,"failureMessages":[],"meta":{}},{"ancestorTitles":["YryVerifyReportHead — computed.parsedItems"],"fullName":"YryVerifyReportHead — computed.parsedItems it.value 通过 v-html 渲染","status":"passed","title":"it.value 通过 v-html 渲染","duration":2.3392919999996593,"failureMessages":[],"meta":{}}],"startTime":1782176811945,"endTime":1782176812004.3394,"status":"passed","message":"","name":"/Users/ruiyi/Yi/YrY/cdn/tests/yry-verify-report-head.test.mjs"},{"assertionResults":[{"ancestorTitles":["YryWalkthrough — 渲染"],"fullName":"YryWalkthrough — 渲染 空 steps 渲染空","status":"passed","title":"空 steps 渲染空","duration":83.20408399999997,"failureMessages":[],"meta":{}},{"ancestorTitles":["YryWalkthrough — 渲染"],"fullName":"YryWalkthrough — 渲染 render 单步","status":"passed","title":"render 单步","duration":11.736917000000176,"failureMessages":[],"meta":{}},{"ancestorTitles":["YryWalkthrough — 渲染"],"fullName":"YryWalkthrough — 渲染 render 多步","status":"passed","title":"render 多步","duration":7.6845830000002024,"failureMessages":[],"meta":{}},{"ancestorTitles":["YryWalkthrough — methods.tagClass"],"fullName":"YryWalkthrough — methods.tagClass done → ok","status":"passed","title":"done → ok","duration":0.8645830000000387,"failureMessages":[],"meta":{}},{"ancestorTitles":["YryWalkthrough — methods.tagClass"],"fullName":"YryWalkthrough — methods.tagClass active → now","status":"passed","title":"active → now","duration":1.9449580000000424,"failureMessages":[],"meta":{}},{"ancestorTitles":["YryWalkthrough — methods.tagClass"],"fullName":"YryWalkthrough — methods.tagClass pending → todo","status":"passed","title":"pending → todo","duration":0.6675840000002609,"failureMessages":[],"meta":{}},{"ancestorTitles":["YryWalkthrough — methods.tagClass"],"fullName":"YryWalkthrough — methods.tagClass skip → skip","status":"passed","title":"skip → skip","duration":0.4460409999996955,"failureMessages":[],"meta":{}},{"ancestorTitles":["YryWalkthrough — methods.tagClass"],"fullName":"YryWalkthrough — methods.tagClass 未知状态返回空字符串","status":"passed","title":"未知状态返回空字符串","duration":1.8579580000000533,"failureMessages":[],"meta":{}},{"ancestorTitles":["YryWalkthrough — methods.tagClass"],"fullName":"YryWalkthrough — methods.tagClass null/undefined 返回空字符串","status":"passed","title":"null/undefined 返回空字符串","duration":0.5340830000000096,"failureMessages":[],"meta":{}}],"startTime":1782176782184,"endTime":1782176782293.5342,"status":"passed","message":"","name":"/Users/ruiyi/Yi/YrY/cdn/tests/yry-walkthrough.test.mjs"}]}